mode: set
github.com/maestrosdk/maestro/pkg/apis/maestro/v1alpha1/instance_types.go:106.13,108.2 1 1
github.com/maestrosdk/maestro/pkg/apis/maestro/v1alpha1/planexecution_types.go:88.13,90.2 1 1
github.com/maestrosdk/maestro/pkg/apis/maestro/v1alpha1/register.go:43.53,45.2 1 0
github.com/maestrosdk/maestro/pkg/apis/maestro/v1alpha1/zz_generated.deepcopy.go:26.45,28.24 2 0
github.com/maestrosdk/maestro/pkg/apis/maestro/v1alpha1/zz_generated.deepcopy.go:33.2,33.20 1 0
github.com/maestrosdk/maestro/pkg/apis/maestro/v1alpha1/zz_generated.deepcopy.go:38.2,38.8 1 0
github.com/maestrosdk/maestro/pkg/apis/maestro/v1alpha1/zz_generated.deepcopy.go:28.24,32.3 3 0
github.com/maestrosdk/maestro/pkg/apis/maestro/v1alpha1/zz_generated.deepcopy.go:33.20,37.3 3 0
github.com/maestrosdk/maestro/pkg/apis/maestro/v1alpha1/zz_generated.deepcopy.go:42.38,43.15 1 0
github.com/maestrosdk/maestro/pkg/apis/maestro/v1alpha1/zz_generated.deepcopy.go:46.2,48.12 3 0
github.com/maestrosdk/maestro/pkg/apis/maestro/v1alpha1/zz_generated.deepcopy.go:43.15,45.3 1 0
github.com/maestrosdk/maestro/pkg/apis/maestro/v1alpha1/zz_generated.deepcopy.go:52.51,54.22 2 0
github.com/maestrosdk/maestro/pkg/apis/maestro/v1alpha1/zz_generated.deepcopy.go:59.2,59.26 1 0
github.com/maestrosdk/maestro/pkg/apis/maestro/v1alpha1/zz_generated.deepcopy.go:64.2,64.8 1 0
github.com/maestrosdk/maestro/pkg/apis/maestro/v1alpha1/zz_generated.deepcopy.go:54.22,58.3 3 0
github.com/maestrosdk/maestro/pkg/apis/maestro/v1alpha1/zz_generated.deepcopy.go:59.26,63.3 3 0
github.com/maestrosdk/maestro/pkg/apis/maestro/v1alpha1/zz_generated.deepcopy.go:68.44,69.15 1 0
github.com/maestrosdk/maestro/pkg/apis/maestro/v1alpha1/zz_generated.deepcopy.go:72.2,74.12 3 0
github.com/maestrosdk/maestro/pkg/apis/maestro/v1alpha1/zz_generated.deepcopy.go:69.15,71.3 1 0
github.com/maestrosdk/maestro/pkg/apis/maestro/v1alpha1/zz_generated.deepcopy.go:78.51,85.2 6 1
github.com/maestrosdk/maestro/pkg/apis/maestro/v1alpha1/zz_generated.deepcopy.go:88.44,89.15 1 1
github.com/maestrosdk/maestro/pkg/apis/maestro/v1alpha1/zz_generated.deepcopy.go:92.2,94.12 3 1
github.com/maestrosdk/maestro/pkg/apis/maestro/v1alpha1/zz_generated.deepcopy.go:89.15,91.3 1 0
github.com/maestrosdk/maestro/pkg/apis/maestro/v1alpha1/zz_generated.deepcopy.go:98.54,99.34 1 0
github.com/maestrosdk/maestro/pkg/apis/maestro/v1alpha1/zz_generated.deepcopy.go:102.2,102.12 1 0
github.com/maestrosdk/maestro/pkg/apis/maestro/v1alpha1/zz_generated.deepcopy.go:99.34,101.3 1 0
github.com/maestrosdk/maestro/pkg/apis/maestro/v1alpha1/zz_generated.deepcopy.go:106.71,110.2 3 0
github.com/maestrosdk/maestro/pkg/apis/maestro/v1alpha1/zz_generated.deepcopy.go:113.64,114.15 1 0
github.com/maestrosdk/maestro/pkg/apis/maestro/v1alpha1/zz_generated.deepcopy.go:117.2,119.12 3 0
github.com/maestrosdk/maestro/pkg/apis/maestro/v1alpha1/zz_generated.deepcopy.go:114.15,116.3 1 0
github.com/maestrosdk/maestro/pkg/apis/maestro/v1alpha1/zz_generated.deepcopy.go:123.59,127.21 4 0
github.com/maestrosdk/maestro/pkg/apis/maestro/v1alpha1/zz_generated.deepcopy.go:134.2,134.8 1 0
github.com/maestrosdk/maestro/pkg/apis/maestro/v1alpha1/zz_generated.deepcopy.go:127.21,130.22 3 0
github.com/maestrosdk/maestro/pkg/apis/maestro/v1alpha1/zz_generated.deepcopy.go:130.22,132.4 1 0
github.com/maestrosdk/maestro/pkg/apis/maestro/v1alpha1/zz_generated.deepcopy.go:138.52,139.15 1 0
github.com/maestrosdk/maestro/pkg/apis/maestro/v1alpha1/zz_generated.deepcopy.go:142.2,144.12 3 0
github.com/maestrosdk/maestro/pkg/apis/maestro/v1alpha1/zz_generated.deepcopy.go:139.15,141.3 1 0
github.com/maestrosdk/maestro/pkg/apis/maestro/v1alpha1/zz_generated.deepcopy.go:148.58,149.34 1 0
github.com/maestrosdk/maestro/pkg/apis/maestro/v1alpha1/zz_generated.deepcopy.go:152.2,152.12 1 0
github.com/maestrosdk/maestro/pkg/apis/maestro/v1alpha1/zz_generated.deepcopy.go:149.34,151.3 1 0
github.com/maestrosdk/maestro/pkg/apis/maestro/v1alpha1/zz_generated.deepcopy.go:156.59,159.2 2 0
github.com/maestrosdk/maestro/pkg/apis/maestro/v1alpha1/zz_generated.deepcopy.go:162.52,163.15 1 0
github.com/maestrosdk/maestro/pkg/apis/maestro/v1alpha1/zz_generated.deepcopy.go:166.2,168.12 3 0
github.com/maestrosdk/maestro/pkg/apis/maestro/v1alpha1/zz_generated.deepcopy.go:163.15,165.3 1 0
github.com/maestrosdk/maestro/pkg/apis/maestro/v1alpha1/zz_generated.deepcopy.go:172.63,175.2 2 0
github.com/maestrosdk/maestro/pkg/apis/maestro/v1alpha1/zz_generated.deepcopy.go:178.56,179.15 1 0
github.com/maestrosdk/maestro/pkg/apis/maestro/v1alpha1/zz_generated.deepcopy.go:182.2,184.12 3 0
github.com/maestrosdk/maestro/pkg/apis/maestro/v1alpha1/zz_generated.deepcopy.go:179.15,181.3 1 0
github.com/maestrosdk/maestro/pkg/apis/maestro/v1alpha1/zz_generated.deepcopy.go:188.65,195.2 6 1
github.com/maestrosdk/maestro/pkg/apis/maestro/v1alpha1/zz_generated.deepcopy.go:198.58,199.15 1 1
github.com/maestrosdk/maestro/pkg/apis/maestro/v1alpha1/zz_generated.deepcopy.go:202.2,204.12 3 1
github.com/maestrosdk/maestro/pkg/apis/maestro/v1alpha1/zz_generated.deepcopy.go:199.15,201.3 1 0
github.com/maestrosdk/maestro/pkg/apis/maestro/v1alpha1/zz_generated.deepcopy.go:208.61,209.34 1 0
github.com/maestrosdk/maestro/pkg/apis/maestro/v1alpha1/zz_generated.deepcopy.go:212.2,212.12 1 0
github.com/maestrosdk/maestro/pkg/apis/maestro/v1alpha1/zz_generated.deepcopy.go:209.34,211.3 1 0
github.com/maestrosdk/maestro/pkg/apis/maestro/v1alpha1/zz_generated.deepcopy.go:216.73,220.21 4 0
github.com/maestrosdk/maestro/pkg/apis/maestro/v1alpha1/zz_generated.deepcopy.go:227.2,227.8 1 0
github.com/maestrosdk/maestro/pkg/apis/maestro/v1alpha1/zz_generated.deepcopy.go:220.21,223.22 3 0
github.com/maestrosdk/maestro/pkg/apis/maestro/v1alpha1/zz_generated.deepcopy.go:223.22,225.4 1 0
github.com/maestrosdk/maestro/pkg/apis/maestro/v1alpha1/zz_generated.deepcopy.go:231.66,232.15 1 0
github.com/maestrosdk/maestro/pkg/apis/maestro/v1alpha1/zz_generated.deepcopy.go:235.2,237.12 3 0
github.com/maestrosdk/maestro/pkg/apis/maestro/v1alpha1/zz_generated.deepcopy.go:232.15,234.3 1 0
github.com/maestrosdk/maestro/pkg/apis/maestro/v1alpha1/zz_generated.deepcopy.go:241.65,242.34 1 0
github.com/maestrosdk/maestro/pkg/apis/maestro/v1alpha1/zz_generated.deepcopy.go:245.2,245.12 1 0
github.com/maestrosdk/maestro/pkg/apis/maestro/v1alpha1/zz_generated.deepcopy.go:242.34,244.3 1 0
github.com/maestrosdk/maestro/pkg/apis/maestro/v1alpha1/zz_generated.deepcopy.go:249.73,252.25 3 1
github.com/maestrosdk/maestro/pkg/apis/maestro/v1alpha1/zz_generated.deepcopy.go:259.2,259.21 1 1
github.com/maestrosdk/maestro/pkg/apis/maestro/v1alpha1/zz_generated.deepcopy.go:266.2,266.26 1 1
github.com/maestrosdk/maestro/pkg/apis/maestro/v1alpha1/zz_generated.deepcopy.go:271.2,271.21 1 1
github.com/maestrosdk/maestro/pkg/apis/maestro/v1alpha1/zz_generated.deepcopy.go:278.2,278.28 1 1
github.com/maestrosdk/maestro/pkg/apis/maestro/v1alpha1/zz_generated.deepcopy.go:283.2,283.30 1 1
github.com/maestrosdk/maestro/pkg/apis/maestro/v1alpha1/zz_generated.deepcopy.go:290.2,290.8 1 1
github.com/maestrosdk/maestro/pkg/apis/maestro/v1alpha1/zz_generated.deepcopy.go:252.25,255.29 3 0
github.com/maestrosdk/maestro/pkg/apis/maestro/v1alpha1/zz_generated.deepcopy.go:255.29,257.4 1 0
github.com/maestrosdk/maestro/pkg/apis/maestro/v1alpha1/zz_generated.deepcopy.go:259.21,262.29 3 0
github.com/maestrosdk/maestro/pkg/apis/maestro/v1alpha1/zz_generated.deepcopy.go:262.29,264.4 1 0
github.com/maestrosdk/maestro/pkg/apis/maestro/v1alpha1/zz_generated.deepcopy.go:266.26,270.3 3 0
github.com/maestrosdk/maestro/pkg/apis/maestro/v1alpha1/zz_generated.deepcopy.go:271.21,274.29 3 0
github.com/maestrosdk/maestro/pkg/apis/maestro/v1alpha1/zz_generated.deepcopy.go:274.29,276.4 1 0
github.com/maestrosdk/maestro/pkg/apis/maestro/v1alpha1/zz_generated.deepcopy.go:278.28,282.3 3 0
github.com/maestrosdk/maestro/pkg/apis/maestro/v1alpha1/zz_generated.deepcopy.go:283.30,286.22 3 0
github.com/maestrosdk/maestro/pkg/apis/maestro/v1alpha1/zz_generated.deepcopy.go:286.22,288.4 1 0
github.com/maestrosdk/maestro/pkg/apis/maestro/v1alpha1/zz_generated.deepcopy.go:294.66,295.15 1 0
github.com/maestrosdk/maestro/pkg/apis/maestro/v1alpha1/zz_generated.deepcopy.go:298.2,300.12 3 0
github.com/maestrosdk/maestro/pkg/apis/maestro/v1alpha1/zz_generated.deepcopy.go:295.15,297.3 1 0
github.com/maestrosdk/maestro/pkg/apis/maestro/v1alpha1/zz_generated.deepcopy.go:304.77,307.2 2 0
github.com/maestrosdk/maestro/pkg/apis/maestro/v1alpha1/zz_generated.deepcopy.go:310.70,311.15 1 0
github.com/maestrosdk/maestro/pkg/apis/maestro/v1alpha1/zz_generated.deepcopy.go:314.2,316.12 3 0
github.com/maestrosdk/maestro/pkg/apis/maestro/v1alpha1/zz_generated.deepcopy.go:311.15,313.3 1 0
github.com/maestrosdk/maestro/pkg/apis/maestro/v1alpha1/zz_generated.deepcopy.go:320.55,322.19 2 0
github.com/maestrosdk/maestro/pkg/apis/maestro/v1alpha1/zz_generated.deepcopy.go:327.2,327.8 1 0
github.com/maestrosdk/maestro/pkg/apis/maestro/v1alpha1/zz_generated.deepcopy.go:322.19,326.3 3 0
github.com/maestrosdk/maestro/pkg/apis/maestro/v1alpha1/zz_generated.deepcopy.go:331.48,332.15 1 0
github.com/maestrosdk/maestro/pkg/apis/maestro/v1alpha1/zz_generated.deepcopy.go:335.2,337.12 3 0
github.com/maestrosdk/maestro/pkg/apis/maestro/v1alpha1/zz_generated.deepcopy.go:332.15,334.3 1 0
github.com/maestrosdk/maestro/pkg/apis/maestro/v1alpha1/zz_generated.deepcopy.go:341.53,343.24 2 0
github.com/maestrosdk/maestro/pkg/apis/maestro/v1alpha1/zz_generated.deepcopy.go:348.2,348.29 1 0
github.com/maestrosdk/maestro/pkg/apis/maestro/v1alpha1/zz_generated.deepcopy.go:353.2,353.8 1 0
github.com/maestrosdk/maestro/pkg/apis/maestro/v1alpha1/zz_generated.deepcopy.go:343.24,347.3 3 0
github.com/maestrosdk/maestro/pkg/apis/maestro/v1alpha1/zz_generated.deepcopy.go:348.29,352.3 3 0
github.com/maestrosdk/maestro/pkg/apis/maestro/v1alpha1/zz_generated.deepcopy.go:357.46,358.15 1 0
github.com/maestrosdk/maestro/pkg/apis/maestro/v1alpha1/zz_generated.deepcopy.go:361.2,363.12 3 0
github.com/maestrosdk/maestro/pkg/apis/maestro/v1alpha1/zz_generated.deepcopy.go:358.15,360.3 1 0
github.com/maestrosdk/maestro/pkg/apis/maestro/v1alpha1/zz_generated.deepcopy.go:367.49,374.2 6 1
github.com/maestrosdk/maestro/pkg/apis/maestro/v1alpha1/zz_generated.deepcopy.go:377.42,378.15 1 1
github.com/maestrosdk/maestro/pkg/apis/maestro/v1alpha1/zz_generated.deepcopy.go:381.2,383.12 3 1
github.com/maestrosdk/maestro/pkg/apis/maestro/v1alpha1/zz_generated.deepcopy.go:378.15,380.3 1 0
github.com/maestrosdk/maestro/pkg/apis/maestro/v1alpha1/zz_generated.deepcopy.go:387.53,388.34 1 0
github.com/maestrosdk/maestro/pkg/apis/maestro/v1alpha1/zz_generated.deepcopy.go:391.2,391.12 1 0
github.com/maestrosdk/maestro/pkg/apis/maestro/v1alpha1/zz_generated.deepcopy.go:388.34,390.3 1 0
github.com/maestrosdk/maestro/pkg/apis/maestro/v1alpha1/zz_generated.deepcopy.go:395.57,399.21 4 0
github.com/maestrosdk/maestro/pkg/apis/maestro/v1alpha1/zz_generated.deepcopy.go:406.2,406.8 1 0
github.com/maestrosdk/maestro/pkg/apis/maestro/v1alpha1/zz_generated.deepcopy.go:399.21,402.22 3 0
github.com/maestrosdk/maestro/pkg/apis/maestro/v1alpha1/zz_generated.deepcopy.go:402.22,404.4 1 0
github.com/maestrosdk/maestro/pkg/apis/maestro/v1alpha1/zz_generated.deepcopy.go:410.50,411.15 1 0
github.com/maestrosdk/maestro/pkg/apis/maestro/v1alpha1/zz_generated.deepcopy.go:414.2,416.12 3 0
github.com/maestrosdk/maestro/pkg/apis/maestro/v1alpha1/zz_generated.deepcopy.go:411.15,413.3 1 0
github.com/maestrosdk/maestro/pkg/apis/maestro/v1alpha1/zz_generated.deepcopy.go:420.57,421.34 1 0
github.com/maestrosdk/maestro/pkg/apis/maestro/v1alpha1/zz_generated.deepcopy.go:424.2,424.12 1 0
github.com/maestrosdk/maestro/pkg/apis/maestro/v1alpha1/zz_generated.deepcopy.go:421.34,423.3 1 0
github.com/maestrosdk/maestro/pkg/apis/maestro/v1alpha1/zz_generated.deepcopy.go:428.57,431.28 3 1
github.com/maestrosdk/maestro/pkg/apis/maestro/v1alpha1/zz_generated.deepcopy.go:436.2,436.26 1 1
github.com/maestrosdk/maestro/pkg/apis/maestro/v1alpha1/zz_generated.deepcopy.go:443.2,443.8 1 1
github.com/maestrosdk/maestro/pkg/apis/maestro/v1alpha1/zz_generated.deepcopy.go:431.28,435.3 3 0
github.com/maestrosdk/maestro/pkg/apis/maestro/v1alpha1/zz_generated.deepcopy.go:436.26,439.29 3 0
github.com/maestrosdk/maestro/pkg/apis/maestro/v1alpha1/zz_generated.deepcopy.go:439.29,441.4 1 0
github.com/maestrosdk/maestro/pkg/apis/maestro/v1alpha1/zz_generated.deepcopy.go:447.50,448.15 1 0
github.com/maestrosdk/maestro/pkg/apis/maestro/v1alpha1/zz_generated.deepcopy.go:451.2,453.12 3 0
github.com/maestrosdk/maestro/pkg/apis/maestro/v1alpha1/zz_generated.deepcopy.go:448.15,450.3 1 0
github.com/maestrosdk/maestro/pkg/apis/maestro/v1alpha1/zz_generated.deepcopy.go:457.61,461.2 3 0
github.com/maestrosdk/maestro/pkg/apis/maestro/v1alpha1/zz_generated.deepcopy.go:464.54,465.15 1 0
github.com/maestrosdk/maestro/pkg/apis/maestro/v1alpha1/zz_generated.deepcopy.go:468.2,470.12 3 0
github.com/maestrosdk/maestro/pkg/apis/maestro/v1alpha1/zz_generated.deepcopy.go:465.15,467.3 1 0
github.com/maestrosdk/maestro/pkg/apis/maestro/v1alpha1/zz_generated.deepcopy.go:474.47,476.25 2 0
github.com/maestrosdk/maestro/pkg/apis/maestro/v1alpha1/zz_generated.deepcopy.go:481.2,481.30 1 0
github.com/maestrosdk/maestro/pkg/apis/maestro/v1alpha1/zz_generated.deepcopy.go:486.2,486.8 1 0
github.com/maestrosdk/maestro/pkg/apis/maestro/v1alpha1/zz_generated.deepcopy.go:476.25,480.3 3 0
github.com/maestrosdk/maestro/pkg/apis/maestro/v1alpha1/zz_generated.deepcopy.go:481.30,485.3 3 0
github.com/maestrosdk/maestro/pkg/apis/maestro/v1alpha1/zz_generated.deepcopy.go:490.40,491.15 1 0
github.com/maestrosdk/maestro/pkg/apis/maestro/v1alpha1/zz_generated.deepcopy.go:494.2,496.12 3 0
github.com/maestrosdk/maestro/pkg/apis/maestro/v1alpha1/zz_generated.deepcopy.go:491.15,493.3 1 0
github.com/maestrosdk/maestro/pkg/apis/maestro/v1alpha1/zz_generated.deepcopy.go:500.51,503.2 2 0
github.com/maestrosdk/maestro/pkg/apis/maestro/v1alpha1/zz_generated.deepcopy.go:506.44,507.15 1 0
github.com/maestrosdk/maestro/pkg/apis/maestro/v1alpha1/zz_generated.deepcopy.go:510.2,512.12 3 0
github.com/maestrosdk/maestro/pkg/apis/maestro/v1alpha1/zz_generated.deepcopy.go:507.15,509.3 1 0
github.com/maestrosdk/maestro/pkg/apis/maestro/v1alpha1/zz_generated.deepcopy.go:516.43,518.21 2 0
github.com/maestrosdk/maestro/pkg/apis/maestro/v1alpha1/zz_generated.deepcopy.go:525.2,525.8 1 0
github.com/maestrosdk/maestro/pkg/apis/maestro/v1alpha1/zz_generated.deepcopy.go:518.21,521.22 3 0
github.com/maestrosdk/maestro/pkg/apis/maestro/v1alpha1/zz_generated.deepcopy.go:521.22,523.4 1 0
github.com/maestrosdk/maestro/pkg/apis/maestro/v1alpha1/zz_generated.deepcopy.go:529.36,530.15 1 0
github.com/maestrosdk/maestro/pkg/apis/maestro/v1alpha1/zz_generated.deepcopy.go:533.2,535.12 3 0
github.com/maestrosdk/maestro/pkg/apis/maestro/v1alpha1/zz_generated.deepcopy.go:530.15,532.3 1 0
github.com/maestrosdk/maestro/pkg/apis/maestro/v1alpha1/zz_generated.deepcopy.go:539.55,541.21 2 0
github.com/maestrosdk/maestro/pkg/apis/maestro/v1alpha1/zz_generated.deepcopy.go:548.2,548.8 1 0
github.com/maestrosdk/maestro/pkg/apis/maestro/v1alpha1/zz_generated.deepcopy.go:541.21,544.22 3 0
github.com/maestrosdk/maestro/pkg/apis/maestro/v1alpha1/zz_generated.deepcopy.go:544.22,546.4 1 0
github.com/maestrosdk/maestro/pkg/apis/maestro/v1alpha1/zz_generated.deepcopy.go:552.48,553.15 1 0
github.com/maestrosdk/maestro/pkg/apis/maestro/v1alpha1/zz_generated.deepcopy.go:556.2,558.12 3 0
github.com/maestrosdk/maestro/pkg/apis/maestro/v1alpha1/zz_generated.deepcopy.go:553.15,555.3 1 0
github.com/maestrosdk/maestro/pkg/apis/maestro/v1alpha1/zz_generated.deepcopy.go:562.41,564.22 2 0
github.com/maestrosdk/maestro/pkg/apis/maestro/v1alpha1/zz_generated.deepcopy.go:571.2,571.8 1 0
github.com/maestrosdk/maestro/pkg/apis/maestro/v1alpha1/zz_generated.deepcopy.go:564.22,567.22 3 0
github.com/maestrosdk/maestro/pkg/apis/maestro/v1alpha1/zz_generated.deepcopy.go:567.22,569.4 1 0
github.com/maestrosdk/maestro/pkg/apis/maestro/v1alpha1/zz_generated.deepcopy.go:575.34,576.15 1 0
github.com/maestrosdk/maestro/pkg/apis/maestro/v1alpha1/zz_generated.deepcopy.go:579.2,581.12 3 0
github.com/maestrosdk/maestro/pkg/apis/maestro/v1alpha1/zz_generated.deepcopy.go:576.15,578.3 1 0
github.com/maestrosdk/maestro/pkg/apis/maestro/v1alpha1/zz_generated.deepcopy.go:585.59,592.2 6 1
github.com/maestrosdk/maestro/pkg/apis/maestro/v1alpha1/zz_generated.deepcopy.go:595.52,596.15 1 1
github.com/maestrosdk/maestro/pkg/apis/maestro/v1alpha1/zz_generated.deepcopy.go:599.2,601.12 3 1
github.com/maestrosdk/maestro/pkg/apis/maestro/v1alpha1/zz_generated.deepcopy.go:596.15,598.3 1 0
github.com/maestrosdk/maestro/pkg/apis/maestro/v1alpha1/zz_generated.deepcopy.go:605.58,606.34 1 0
github.com/maestrosdk/maestro/pkg/apis/maestro/v1alpha1/zz_generated.deepcopy.go:609.2,609.12 1 0
github.com/maestrosdk/maestro/pkg/apis/maestro/v1alpha1/zz_generated.deepcopy.go:606.34,608.3 1 0
github.com/maestrosdk/maestro/pkg/apis/maestro/v1alpha1/zz_generated.deepcopy.go:613.67,617.21 4 0
github.com/maestrosdk/maestro/pkg/apis/maestro/v1alpha1/zz_generated.deepcopy.go:624.2,624.8 1 0
github.com/maestrosdk/maestro/pkg/apis/maestro/v1alpha1/zz_generated.deepcopy.go:617.21,620.22 3 0
github.com/maestrosdk/maestro/pkg/apis/maestro/v1alpha1/zz_generated.deepcopy.go:620.22,622.4 1 0
github.com/maestrosdk/maestro/pkg/apis/maestro/v1alpha1/zz_generated.deepcopy.go:628.60,629.15 1 0
github.com/maestrosdk/maestro/pkg/apis/maestro/v1alpha1/zz_generated.deepcopy.go:632.2,634.12 3 0
github.com/maestrosdk/maestro/pkg/apis/maestro/v1alpha1/zz_generated.deepcopy.go:629.15,631.3 1 0
github.com/maestrosdk/maestro/pkg/apis/maestro/v1alpha1/zz_generated.deepcopy.go:638.62,639.34 1 0
github.com/maestrosdk/maestro/pkg/apis/maestro/v1alpha1/zz_generated.deepcopy.go:642.2,642.12 1 0
github.com/maestrosdk/maestro/pkg/apis/maestro/v1alpha1/zz_generated.deepcopy.go:639.34,641.3 1 0
github.com/maestrosdk/maestro/pkg/apis/maestro/v1alpha1/zz_generated.deepcopy.go:646.67,648.23 2 1
github.com/maestrosdk/maestro/pkg/apis/maestro/v1alpha1/zz_generated.deepcopy.go:653.2,654.8 2 1
github.com/maestrosdk/maestro/pkg/apis/maestro/v1alpha1/zz_generated.deepcopy.go:648.23,652.3 3 0
github.com/maestrosdk/maestro/pkg/apis/maestro/v1alpha1/zz_generated.deepcopy.go:658.60,659.15 1 0
github.com/maestrosdk/maestro/pkg/apis/maestro/v1alpha1/zz_generated.deepcopy.go:662.2,664.12 3 0
github.com/maestrosdk/maestro/pkg/apis/maestro/v1alpha1/zz_generated.deepcopy.go:659.15,661.3 1 0
github.com/maestrosdk/maestro/pkg/apis/maestro/v1alpha1/zz_generated.deepcopy.go:668.71,670.22 2 1
github.com/maestrosdk/maestro/pkg/apis/maestro/v1alpha1/zz_generated.deepcopy.go:677.2,677.8 1 1
github.com/maestrosdk/maestro/pkg/apis/maestro/v1alpha1/zz_generated.deepcopy.go:670.22,673.22 3 0
github.com/maestrosdk/maestro/pkg/apis/maestro/v1alpha1/zz_generated.deepcopy.go:673.22,675.4 1 0
github.com/maestrosdk/maestro/pkg/apis/maestro/v1alpha1/zz_generated.deepcopy.go:681.64,682.15 1 0
github.com/maestrosdk/maestro/pkg/apis/maestro/v1alpha1/zz_generated.deepcopy.go:685.2,687.12 3 0
github.com/maestrosdk/maestro/pkg/apis/maestro/v1alpha1/zz_generated.deepcopy.go:682.15,684.3 1 0
github.com/maestrosdk/maestro/pkg/apis/maestro/v1alpha1/zz_generated.deepcopy.go:691.39,693.28 2 0
github.com/maestrosdk/maestro/pkg/apis/maestro/v1alpha1/zz_generated.deepcopy.go:708.2,708.25 1 0
github.com/maestrosdk/maestro/pkg/apis/maestro/v1alpha1/zz_generated.deepcopy.go:713.2,713.21 1 0
github.com/maestrosdk/maestro/pkg/apis/maestro/v1alpha1/zz_generated.deepcopy.go:718.2,718.24 1 0
github.com/maestrosdk/maestro/pkg/apis/maestro/v1alpha1/zz_generated.deepcopy.go:733.2,733.23 1 0
github.com/maestrosdk/maestro/pkg/apis/maestro/v1alpha1/zz_generated.deepcopy.go:748.2,748.20 1 0
github.com/maestrosdk/maestro/pkg/apis/maestro/v1alpha1/zz_generated.deepcopy.go:759.2,759.21 1 0
github.com/maestrosdk/maestro/pkg/apis/maestro/v1alpha1/zz_generated.deepcopy.go:774.2,774.22 1 0
github.com/maestrosdk/maestro/pkg/apis/maestro/v1alpha1/zz_generated.deepcopy.go:779.2,779.23 1 0
github.com/maestrosdk/maestro/pkg/apis/maestro/v1alpha1/zz_generated.deepcopy.go:794.2,794.31 1 0
github.com/maestrosdk/maestro/pkg/apis/maestro/v1alpha1/zz_generated.deepcopy.go:799.2,799.23 1 0
github.com/maestrosdk/maestro/pkg/apis/maestro/v1alpha1/zz_generated.deepcopy.go:814.2,814.27 1 0
github.com/maestrosdk/maestro/pkg/apis/maestro/v1alpha1/zz_generated.deepcopy.go:829.2,829.8 1 0
github.com/maestrosdk/maestro/pkg/apis/maestro/v1alpha1/zz_generated.deepcopy.go:693.28,696.29 3 0
github.com/maestrosdk/maestro/pkg/apis/maestro/v1alpha1/zz_generated.deepcopy.go:696.29,698.18 2 0
github.com/maestrosdk/maestro/pkg/apis/maestro/v1alpha1/zz_generated.deepcopy.go:705.4,705.24 1 0
github.com/maestrosdk/maestro/pkg/apis/maestro/v1alpha1/zz_generated.deepcopy.go:698.18,700.5 1 0
github.com/maestrosdk/maestro/pkg/apis/maestro/v1alpha1/zz_generated.deepcopy.go:700.10,704.5 3 0
github.com/maestrosdk/maestro/pkg/apis/maestro/v1alpha1/zz_generated.deepcopy.go:708.25,712.3 3 0
github.com/maestrosdk/maestro/pkg/apis/maestro/v1alpha1/zz_generated.deepcopy.go:713.21,717.3 3 0
github.com/maestrosdk/maestro/pkg/apis/maestro/v1alpha1/zz_generated.deepcopy.go:718.24,721.29 3 0
github.com/maestrosdk/maestro/pkg/apis/maestro/v1alpha1/zz_generated.deepcopy.go:721.29,723.18 2 0
github.com/maestrosdk/maestro/pkg/apis/maestro/v1alpha1/zz_generated.deepcopy.go:730.4,730.24 1 0
github.com/maestrosdk/maestro/pkg/apis/maestro/v1alpha1/zz_generated.deepcopy.go:723.18,725.5 1 0
github.com/maestrosdk/maestro/pkg/apis/maestro/v1alpha1/zz_generated.deepcopy.go:725.10,729.5 3 0
github.com/maestrosdk/maestro/pkg/apis/maestro/v1alpha1/zz_generated.deepcopy.go:733.23,736.29 3 0
github.com/maestrosdk/maestro/pkg/apis/maestro/v1alpha1/zz_generated.deepcopy.go:736.29,738.18 2 0
github.com/maestrosdk/maestro/pkg/apis/maestro/v1alpha1/zz_generated.deepcopy.go:745.4,745.24 1 0
github.com/maestrosdk/maestro/pkg/apis/maestro/v1alpha1/zz_generated.deepcopy.go:738.18,740.5 1 0
github.com/maestrosdk/maestro/pkg/apis/maestro/v1alpha1/zz_generated.deepcopy.go:740.10,744.5 3 0
github.com/maestrosdk/maestro/pkg/apis/maestro/v1alpha1/zz_generated.deepcopy.go:748.20,751.22 3 0
github.com/maestrosdk/maestro/pkg/apis/maestro/v1alpha1/zz_generated.deepcopy.go:751.22,752.23 1 0
github.com/maestrosdk/maestro/pkg/apis/maestro/v1alpha1/zz_generated.deepcopy.go:752.23,756.5 3 0
github.com/maestrosdk/maestro/pkg/apis/maestro/v1alpha1/zz_generated.deepcopy.go:759.21,762.29 3 0
github.com/maestrosdk/maestro/pkg/apis/maestro/v1alpha1/zz_generated.deepcopy.go:762.29,764.18 2 0
github.com/maestrosdk/maestro/pkg/apis/maestro/v1alpha1/zz_generated.deepcopy.go:771.4,771.24 1 0
github.com/maestrosdk/maestro/pkg/apis/maestro/v1alpha1/zz_generated.deepcopy.go:764.18,766.5 1 0
github.com/maestrosdk/maestro/pkg/apis/maestro/v1alpha1/zz_generated.deepcopy.go:766.10,770.5 3 0
github.com/maestrosdk/maestro/pkg/apis/maestro/v1alpha1/zz_generated.deepcopy.go:774.22,778.3 3 0
github.com/maestrosdk/maestro/pkg/apis/maestro/v1alpha1/zz_generated.deepcopy.go:779.23,782.29 3 0
github.com/maestrosdk/maestro/pkg/apis/maestro/v1alpha1/zz_generated.deepcopy.go:782.29,784.18 2 0
github.com/maestrosdk/maestro/pkg/apis/maestro/v1alpha1/zz_generated.deepcopy.go:791.4,791.24 1 0
github.com/maestrosdk/maestro/pkg/apis/maestro/v1alpha1/zz_generated.deepcopy.go:784.18,786.5 1 0
github.com/maestrosdk/maestro/pkg/apis/maestro/v1alpha1/zz_generated.deepcopy.go:786.10,790.5 3 0
github.com/maestrosdk/maestro/pkg/apis/maestro/v1alpha1/zz_generated.deepcopy.go:794.31,798.3 3 0
github.com/maestrosdk/maestro/pkg/apis/maestro/v1alpha1/zz_generated.deepcopy.go:799.23,802.29 3 0
github.com/maestrosdk/maestro/pkg/apis/maestro/v1alpha1/zz_generated.deepcopy.go:802.29,804.18 2 0
github.com/maestrosdk/maestro/pkg/apis/maestro/v1alpha1/zz_generated.deepcopy.go:811.4,811.24 1 0
github.com/maestrosdk/maestro/pkg/apis/maestro/v1alpha1/zz_generated.deepcopy.go:804.18,806.5 1 0
github.com/maestrosdk/maestro/pkg/apis/maestro/v1alpha1/zz_generated.deepcopy.go:806.10,810.5 3 0
github.com/maestrosdk/maestro/pkg/apis/maestro/v1alpha1/zz_generated.deepcopy.go:814.27,817.29 3 0
github.com/maestrosdk/maestro/pkg/apis/maestro/v1alpha1/zz_generated.deepcopy.go:817.29,819.18 2 0
github.com/maestrosdk/maestro/pkg/apis/maestro/v1alpha1/zz_generated.deepcopy.go:826.4,826.24 1 0
github.com/maestrosdk/maestro/pkg/apis/maestro/v1alpha1/zz_generated.deepcopy.go:819.18,821.5 1 0
github.com/maestrosdk/maestro/pkg/apis/maestro/v1alpha1/zz_generated.deepcopy.go:821.10,825.5 3 0
github.com/maestrosdk/maestro/pkg/apis/maestro/v1alpha1/zz_generated.deepcopy.go:833.32,834.15 1 0
github.com/maestrosdk/maestro/pkg/apis/maestro/v1alpha1/zz_generated.deepcopy.go:837.2,839.12 3 0
github.com/maestrosdk/maestro/pkg/apis/maestro/v1alpha1/zz_generated.deepcopy.go:834.15,836.3 1 0
github.com/maestrosdk/maestro/pkg/apis/maestro/v1alpha1/zz_generated.deepcopy.go:843.41,845.22 2 0
github.com/maestrosdk/maestro/pkg/apis/maestro/v1alpha1/zz_generated.deepcopy.go:850.2,850.19 1 0
github.com/maestrosdk/maestro/pkg/apis/maestro/v1alpha1/zz_generated.deepcopy.go:855.2,855.8 1 0
github.com/maestrosdk/maestro/pkg/apis/maestro/v1alpha1/zz_generated.deepcopy.go:845.22,849.3 3 0
github.com/maestrosdk/maestro/pkg/apis/maestro/v1alpha1/zz_generated.deepcopy.go:850.19,854.3 3 0
github.com/maestrosdk/maestro/pkg/apis/maestro/v1alpha1/zz_generated.deepcopy.go:859.34,860.15 1 0
github.com/maestrosdk/maestro/pkg/apis/maestro/v1alpha1/zz_generated.deepcopy.go:863.2,865.12 3 0
github.com/maestrosdk/maestro/pkg/apis/maestro/v1alpha1/zz_generated.deepcopy.go:860.15,862.3 1 0
github.com/maestrosdk/maestro/pkg/apis/maestro/v1alpha1/zz_generated.deepcopy.go:869.45,872.2 2 0
github.com/maestrosdk/maestro/pkg/apis/maestro/v1alpha1/zz_generated.deepcopy.go:875.38,876.15 1 0
github.com/maestrosdk/maestro/pkg/apis/maestro/v1alpha1/zz_generated.deepcopy.go:879.2,881.12 3 0
github.com/maestrosdk/maestro/pkg/apis/maestro/v1alpha1/zz_generated.deepcopy.go:876.15,878.3 1 0
github.com/maestrosdk/maestro/pkg/apis/maestro/v1alpha1/zz_generated.deepcopy.go:885.61,887.19 2 0
github.com/maestrosdk/maestro/pkg/apis/maestro/v1alpha1/zz_generated.deepcopy.go:892.2,892.8 1 0
github.com/maestrosdk/maestro/pkg/apis/maestro/v1alpha1/zz_generated.deepcopy.go:887.19,891.3 3 0
github.com/maestrosdk/maestro/pkg/apis/maestro/v1alpha1/zz_generated.deepcopy.go:896.54,897.15 1 0
github.com/maestrosdk/maestro/pkg/apis/maestro/v1alpha1/zz_generated.deepcopy.go:900.2,902.12 3 0
github.com/maestrosdk/maestro/pkg/apis/maestro/v1alpha1/zz_generated.deepcopy.go:897.15,899.3 1 0
github.com/maestrosdk/maestro/pkg/apis/maestro/v1alpha1/zz_generated.deepcopy.go:906.55,908.21 2 0
github.com/maestrosdk/maestro/pkg/apis/maestro/v1alpha1/zz_generated.deepcopy.go:923.2,923.22 1 0
github.com/maestrosdk/maestro/pkg/apis/maestro/v1alpha1/zz_generated.deepcopy.go:928.2,928.23 1 0
github.com/maestrosdk/maestro/pkg/apis/maestro/v1alpha1/zz_generated.deepcopy.go:943.2,943.8 1 0
github.com/maestrosdk/maestro/pkg/apis/maestro/v1alpha1/zz_generated.deepcopy.go:908.21,911.29 3 0
github.com/maestrosdk/maestro/pkg/apis/maestro/v1alpha1/zz_generated.deepcopy.go:911.29,913.18 2 0
github.com/maestrosdk/maestro/pkg/apis/maestro/v1alpha1/zz_generated.deepcopy.go:920.4,920.24 1 0
github.com/maestrosdk/maestro/pkg/apis/maestro/v1alpha1/zz_generated.deepcopy.go:913.18,915.5 1 0
github.com/maestrosdk/maestro/pkg/apis/maestro/v1alpha1/zz_generated.deepcopy.go:915.10,919.5 3 0
github.com/maestrosdk/maestro/pkg/apis/maestro/v1alpha1/zz_generated.deepcopy.go:923.22,927.3 3 0
github.com/maestrosdk/maestro/pkg/apis/maestro/v1alpha1/zz_generated.deepcopy.go:928.23,931.29 3 0
github.com/maestrosdk/maestro/pkg/apis/maestro/v1alpha1/zz_generated.deepcopy.go:931.29,933.18 2 0
github.com/maestrosdk/maestro/pkg/apis/maestro/v1alpha1/zz_generated.deepcopy.go:940.4,940.24 1 0
github.com/maestrosdk/maestro/pkg/apis/maestro/v1alpha1/zz_generated.deepcopy.go:933.18,935.5 1 0
github.com/maestrosdk/maestro/pkg/apis/maestro/v1alpha1/zz_generated.deepcopy.go:935.10,939.5 3 0
github.com/maestrosdk/maestro/pkg/apis/maestro/v1alpha1/zz_generated.deepcopy.go:947.48,948.15 1 0
github.com/maestrosdk/maestro/pkg/apis/maestro/v1alpha1/zz_generated.deepcopy.go:951.2,953.12 3 0
github.com/maestrosdk/maestro/pkg/apis/maestro/v1alpha1/zz_generated.deepcopy.go:948.15,950.3 1 0
github.com/maestrosdk/maestro/pkg/apis/maestro/v1alpha1/zz_generated.deepcopy.go:957.51,959.25 2 0
github.com/maestrosdk/maestro/pkg/apis/maestro/v1alpha1/zz_generated.deepcopy.go:964.2,964.25 1 0
github.com/maestrosdk/maestro/pkg/apis/maestro/v1alpha1/zz_generated.deepcopy.go:969.2,969.20 1 0
github.com/maestrosdk/maestro/pkg/apis/maestro/v1alpha1/zz_generated.deepcopy.go:974.2,974.8 1 0
github.com/maestrosdk/maestro/pkg/apis/maestro/v1alpha1/zz_generated.deepcopy.go:959.25,963.3 3 0
github.com/maestrosdk/maestro/pkg/apis/maestro/v1alpha1/zz_generated.deepcopy.go:964.25,968.3 3 0
github.com/maestrosdk/maestro/pkg/apis/maestro/v1alpha1/zz_generated.deepcopy.go:969.20,973.3 3 0
github.com/maestrosdk/maestro/pkg/apis/maestro/v1alpha1/zz_generated.deepcopy.go:978.44,979.15 1 0
github.com/maestrosdk/maestro/pkg/apis/maestro/v1alpha1/zz_generated.deepcopy.go:982.2,984.12 3 0
github.com/maestrosdk/maestro/pkg/apis/maestro/v1alpha1/zz_generated.deepcopy.go:979.15,981.3 1 0
github.com/maestrosdk/maestro/pkg/apis/maestro/v1alpha1/zz_generated.deepcopy.go:988.45,990.26 2 0
github.com/maestrosdk/maestro/pkg/apis/maestro/v1alpha1/zz_generated.deepcopy.go:995.2,995.22 1 0
github.com/maestrosdk/maestro/pkg/apis/maestro/v1alpha1/zz_generated.deepcopy.go:1000.2,1000.24 1 0
github.com/maestrosdk/maestro/pkg/apis/maestro/v1alpha1/zz_generated.deepcopy.go:1005.2,1005.8 1 0
github.com/maestrosdk/maestro/pkg/apis/maestro/v1alpha1/zz_generated.deepcopy.go:990.26,994.3 3 0
github.com/maestrosdk/maestro/pkg/apis/maestro/v1alpha1/zz_generated.deepcopy.go:995.22,999.3 3 0
github.com/maestrosdk/maestro/pkg/apis/maestro/v1alpha1/zz_generated.deepcopy.go:1000.24,1004.3 3 0
github.com/maestrosdk/maestro/pkg/apis/maestro/v1alpha1/zz_generated.deepcopy.go:1009.38,1010.15 1 0
github.com/maestrosdk/maestro/pkg/apis/maestro/v1alpha1/zz_generated.deepcopy.go:1013.2,1015.12 3 0
github.com/maestrosdk/maestro/pkg/apis/maestro/v1alpha1/zz_generated.deepcopy.go:1010.15,1012.3 1 0
github.com/maestrosdk/maestro/pkg/apis/maestro/v1alpha1/zz_generated.deepcopy.go:1019.55,1021.20 2 0
github.com/maestrosdk/maestro/pkg/apis/maestro/v1alpha1/zz_generated.deepcopy.go:1026.2,1026.22 1 0
github.com/maestrosdk/maestro/pkg/apis/maestro/v1alpha1/zz_generated.deepcopy.go:1031.2,1031.25 1 0
github.com/maestrosdk/maestro/pkg/apis/maestro/v1alpha1/zz_generated.deepcopy.go:1036.2,1036.20 1 0
github.com/maestrosdk/maestro/pkg/apis/maestro/v1alpha1/zz_generated.deepcopy.go:1051.2,1051.21 1 0
github.com/maestrosdk/maestro/pkg/apis/maestro/v1alpha1/zz_generated.deepcopy.go:1066.2,1066.8 1 0
github.com/maestrosdk/maestro/pkg/apis/maestro/v1alpha1/zz_generated.deepcopy.go:1021.20,1025.3 3 0
github.com/maestrosdk/maestro/pkg/apis/maestro/v1alpha1/zz_generated.deepcopy.go:1026.22,1030.3 3 0
github.com/maestrosdk/maestro/pkg/apis/maestro/v1alpha1/zz_generated.deepcopy.go:1031.25,1035.3 3 0
github.com/maestrosdk/maestro/pkg/apis/maestro/v1alpha1/zz_generated.deepcopy.go:1036.20,1039.29 3 0
github.com/maestrosdk/maestro/pkg/apis/maestro/v1alpha1/zz_generated.deepcopy.go:1039.29,1041.18 2 0
github.com/maestrosdk/maestro/pkg/apis/maestro/v1alpha1/zz_generated.deepcopy.go:1048.4,1048.24 1 0
github.com/maestrosdk/maestro/pkg/apis/maestro/v1alpha1/zz_generated.deepcopy.go:1041.18,1043.5 1 0
github.com/maestrosdk/maestro/pkg/apis/maestro/v1alpha1/zz_generated.deepcopy.go:1043.10,1047.5 3 0
github.com/maestrosdk/maestro/pkg/apis/maestro/v1alpha1/zz_generated.deepcopy.go:1051.21,1054.29 3 0
github.com/maestrosdk/maestro/pkg/apis/maestro/v1alpha1/zz_generated.deepcopy.go:1054.29,1056.18 2 0
github.com/maestrosdk/maestro/pkg/apis/maestro/v1alpha1/zz_generated.deepcopy.go:1063.4,1063.24 1 0
github.com/maestrosdk/maestro/pkg/apis/maestro/v1alpha1/zz_generated.deepcopy.go:1056.18,1058.5 1 0
github.com/maestrosdk/maestro/pkg/apis/maestro/v1alpha1/zz_generated.deepcopy.go:1058.10,1062.5 3 0
github.com/maestrosdk/maestro/pkg/apis/maestro/v1alpha1/zz_generated.deepcopy.go:1070.48,1071.15 1 0
github.com/maestrosdk/maestro/pkg/apis/maestro/v1alpha1/zz_generated.deepcopy.go:1074.2,1076.12 3 0
github.com/maestrosdk/maestro/pkg/apis/maestro/v1alpha1/zz_generated.deepcopy.go:1071.15,1073.3 1 0
github.com/maestrosdk/maestro/pkg/apis/maestro/v1alpha1/zz_generated.deepcopy.go:1080.41,1082.21 2 0
github.com/maestrosdk/maestro/pkg/apis/maestro/v1alpha1/zz_generated.deepcopy.go:1087.2,1087.23 1 0
github.com/maestrosdk/maestro/pkg/apis/maestro/v1alpha1/zz_generated.deepcopy.go:1096.2,1096.8 1 0
github.com/maestrosdk/maestro/pkg/apis/maestro/v1alpha1/zz_generated.deepcopy.go:1082.21,1086.3 3 0
github.com/maestrosdk/maestro/pkg/apis/maestro/v1alpha1/zz_generated.deepcopy.go:1087.23,1090.22 3 0
github.com/maestrosdk/maestro/pkg/apis/maestro/v1alpha1/zz_generated.deepcopy.go:1090.22,1091.23 1 0
github.com/maestrosdk/maestro/pkg/apis/maestro/v1alpha1/zz_generated.deepcopy.go:1091.23,1093.5 1 0
github.com/maestrosdk/maestro/pkg/apis/maestro/v1alpha1/zz_generated.deepcopy.go:1100.34,1101.15 1 0
github.com/maestrosdk/maestro/pkg/apis/maestro/v1alpha1/zz_generated.deepcopy.go:1104.2,1106.12 3 0
github.com/maestrosdk/maestro/pkg/apis/maestro/v1alpha1/zz_generated.deepcopy.go:1101.15,1103.3 1 0
github.com/maestrosdk/maestro/pkg/apis/maestro/v1alpha1/zz_generated.deepcopy.go:1110.53,1112.23 2 0
github.com/maestrosdk/maestro/pkg/apis/maestro/v1alpha1/zz_generated.deepcopy.go:1121.2,1121.8 1 0
github.com/maestrosdk/maestro/pkg/apis/maestro/v1alpha1/zz_generated.deepcopy.go:1112.23,1115.22 3 0
github.com/maestrosdk/maestro/pkg/apis/maestro/v1alpha1/zz_generated.deepcopy.go:1115.22,1116.23 1 0
github.com/maestrosdk/maestro/pkg/apis/maestro/v1alpha1/zz_generated.deepcopy.go:1116.23,1118.5 1 0
github.com/maestrosdk/maestro/pkg/apis/maestro/v1alpha1/zz_generated.deepcopy.go:1125.46,1126.15 1 0
github.com/maestrosdk/maestro/pkg/apis/maestro/v1alpha1/zz_generated.deepcopy.go:1129.2,1131.12 3 0
github.com/maestrosdk/maestro/pkg/apis/maestro/v1alpha1/zz_generated.deepcopy.go:1126.15,1128.3 1 0
github.com/maestrosdk/maestro/pkg/apis/maestro/v1alpha1/zz_generated.deepcopy.go:1135.41,1137.20 2 0
github.com/maestrosdk/maestro/pkg/apis/maestro/v1alpha1/zz_generated.deepcopy.go:1142.2,1142.19 1 0
github.com/maestrosdk/maestro/pkg/apis/maestro/v1alpha1/zz_generated.deepcopy.go:1147.2,1147.19 1 0
github.com/maestrosdk/maestro/pkg/apis/maestro/v1alpha1/zz_generated.deepcopy.go:1162.2,1162.23 1 0
github.com/maestrosdk/maestro/pkg/apis/maestro/v1alpha1/zz_generated.deepcopy.go:1177.2,1177.21 1 0
github.com/maestrosdk/maestro/pkg/apis/maestro/v1alpha1/zz_generated.deepcopy.go:1192.2,1192.27 1 0
github.com/maestrosdk/maestro/pkg/apis/maestro/v1alpha1/zz_generated.deepcopy.go:1197.2,1197.30 1 0
github.com/maestrosdk/maestro/pkg/apis/maestro/v1alpha1/zz_generated.deepcopy.go:1202.2,1202.22 1 0
github.com/maestrosdk/maestro/pkg/apis/maestro/v1alpha1/zz_generated.deepcopy.go:1207.2,1207.23 1 0
github.com/maestrosdk/maestro/pkg/apis/maestro/v1alpha1/zz_generated.deepcopy.go:1222.2,1222.27 1 0
github.com/maestrosdk/maestro/pkg/apis/maestro/v1alpha1/zz_generated.deepcopy.go:1227.2,1227.25 1 0
github.com/maestrosdk/maestro/pkg/apis/maestro/v1alpha1/zz_generated.deepcopy.go:1232.2,1232.35 1 0
github.com/maestrosdk/maestro/pkg/apis/maestro/v1alpha1/zz_generated.deepcopy.go:1243.2,1243.8 1 0
github.com/maestrosdk/maestro/pkg/apis/maestro/v1alpha1/zz_generated.deepcopy.go:1137.20,1141.3 3 0
github.com/maestrosdk/maestro/pkg/apis/maestro/v1alpha1/zz_generated.deepcopy.go:1142.19,1146.3 3 0
github.com/maestrosdk/maestro/pkg/apis/maestro/v1alpha1/zz_generated.deepcopy.go:1147.19,1150.29 3 0
github.com/maestrosdk/maestro/pkg/apis/maestro/v1alpha1/zz_generated.deepcopy.go:1150.29,1152.18 2 0
github.com/maestrosdk/maestro/pkg/apis/maestro/v1alpha1/zz_generated.deepcopy.go:1159.4,1159.24 1 0
github.com/maestrosdk/maestro/pkg/apis/maestro/v1alpha1/zz_generated.deepcopy.go:1152.18,1154.5 1 0
github.com/maestrosdk/maestro/pkg/apis/maestro/v1alpha1/zz_generated.deepcopy.go:1154.10,1158.5 3 0
github.com/maestrosdk/maestro/pkg/apis/maestro/v1alpha1/zz_generated.deepcopy.go:1162.23,1165.29 3 0
github.com/maestrosdk/maestro/pkg/apis/maestro/v1alpha1/zz_generated.deepcopy.go:1165.29,1167.18 2 0
github.com/maestrosdk/maestro/pkg/apis/maestro/v1alpha1/zz_generated.deepcopy.go:1174.4,1174.24 1 0
github.com/maestrosdk/maestro/pkg/apis/maestro/v1alpha1/zz_generated.deepcopy.go:1167.18,1169.5 1 0
github.com/maestrosdk/maestro/pkg/apis/maestro/v1alpha1/zz_generated.deepcopy.go:1169.10,1173.5 3 0
github.com/maestrosdk/maestro/pkg/apis/maestro/v1alpha1/zz_generated.deepcopy.go:1177.21,1180.29 3 0
github.com/maestrosdk/maestro/pkg/apis/maestro/v1alpha1/zz_generated.deepcopy.go:1180.29,1182.18 2 0
github.com/maestrosdk/maestro/pkg/apis/maestro/v1alpha1/zz_generated.deepcopy.go:1189.4,1189.24 1 0
github.com/maestrosdk/maestro/pkg/apis/maestro/v1alpha1/zz_generated.deepcopy.go:1182.18,1184.5 1 0
github.com/maestrosdk/maestro/pkg/apis/maestro/v1alpha1/zz_generated.deepcopy.go:1184.10,1188.5 3 0
github.com/maestrosdk/maestro/pkg/apis/maestro/v1alpha1/zz_generated.deepcopy.go:1192.27,1196.3 3 0
github.com/maestrosdk/maestro/pkg/apis/maestro/v1alpha1/zz_generated.deepcopy.go:1197.30,1201.3 3 0
github.com/maestrosdk/maestro/pkg/apis/maestro/v1alpha1/zz_generated.deepcopy.go:1202.22,1206.3 3 0
github.com/maestrosdk/maestro/pkg/apis/maestro/v1alpha1/zz_generated.deepcopy.go:1207.23,1210.29 3 0
github.com/maestrosdk/maestro/pkg/apis/maestro/v1alpha1/zz_generated.deepcopy.go:1210.29,1212.18 2 0
github.com/maestrosdk/maestro/pkg/apis/maestro/v1alpha1/zz_generated.deepcopy.go:1219.4,1219.24 1 0
github.com/maestrosdk/maestro/pkg/apis/maestro/v1alpha1/zz_generated.deepcopy.go:1212.18,1214.5 1 0
github.com/maestrosdk/maestro/pkg/apis/maestro/v1alpha1/zz_generated.deepcopy.go:1214.10,1218.5 3 0
github.com/maestrosdk/maestro/pkg/apis/maestro/v1alpha1/zz_generated.deepcopy.go:1222.27,1226.3 3 0
github.com/maestrosdk/maestro/pkg/apis/maestro/v1alpha1/zz_generated.deepcopy.go:1227.25,1231.3 3 0
github.com/maestrosdk/maestro/pkg/apis/maestro/v1alpha1/zz_generated.deepcopy.go:1232.35,1235.22 3 0
github.com/maestrosdk/maestro/pkg/apis/maestro/v1alpha1/zz_generated.deepcopy.go:1235.22,1236.23 1 0
github.com/maestrosdk/maestro/pkg/apis/maestro/v1alpha1/zz_generated.deepcopy.go:1236.23,1240.5 3 0
github.com/maestrosdk/maestro/pkg/apis/maestro/v1alpha1/zz_generated.deepcopy.go:1247.34,1248.15 1 0
github.com/maestrosdk/maestro/pkg/apis/maestro/v1alpha1/zz_generated.deepcopy.go:1251.2,1253.12 3 0
github.com/maestrosdk/maestro/pkg/apis/maestro/v1alpha1/zz_generated.deepcopy.go:1248.15,1250.3 1 0
github.com/maestrosdk/maestro/pkg/apis/maestro/v1alpha1/zz_generated.deepcopy.go:1257.49,1259.25 2 0
github.com/maestrosdk/maestro/pkg/apis/maestro/v1alpha1/zz_generated.deepcopy.go:1264.2,1264.8 1 0
github.com/maestrosdk/maestro/pkg/apis/maestro/v1alpha1/zz_generated.deepcopy.go:1259.25,1263.3 3 0
github.com/maestrosdk/maestro/pkg/apis/maestro/v1alpha1/zz_generated.deepcopy.go:1268.42,1269.15 1 0
github.com/maestrosdk/maestro/pkg/apis/maestro/v1alpha1/zz_generated.deepcopy.go:1272.2,1274.12 3 0
github.com/maestrosdk/maestro/pkg/apis/maestro/v1alpha1/zz_generated.deepcopy.go:1269.15,1271.3 1 0
github.com/maestrosdk/maestro/pkg/apis/maestro/v1alpha1/zz_generated.deepcopy.go:1278.71,1280.20 2 0
github.com/maestrosdk/maestro/pkg/apis/maestro/v1alpha1/zz_generated.deepcopy.go:1285.2,1285.20 1 0
github.com/maestrosdk/maestro/pkg/apis/maestro/v1alpha1/zz_generated.deepcopy.go:1290.2,1290.8 1 0
github.com/maestrosdk/maestro/pkg/apis/maestro/v1alpha1/zz_generated.deepcopy.go:1280.20,1284.3 3 0
github.com/maestrosdk/maestro/pkg/apis/maestro/v1alpha1/zz_generated.deepcopy.go:1285.20,1289.3 3 0
github.com/maestrosdk/maestro/pkg/apis/maestro/v1alpha1/zz_generated.deepcopy.go:1294.64,1295.15 1 0
github.com/maestrosdk/maestro/pkg/apis/maestro/v1alpha1/zz_generated.deepcopy.go:1298.2,1300.12 3 0
github.com/maestrosdk/maestro/pkg/apis/maestro/v1alpha1/zz_generated.deepcopy.go:1295.15,1297.3 1 0
github.com/maestrosdk/maestro/pkg/apis/maestro/v1alpha1/zz_generated.deepcopy.go:1304.39,1306.22 2 0
github.com/maestrosdk/maestro/pkg/apis/maestro/v1alpha1/zz_generated.deepcopy.go:1311.2,1311.8 1 0
github.com/maestrosdk/maestro/pkg/apis/maestro/v1alpha1/zz_generated.deepcopy.go:1306.22,1310.3 3 0
github.com/maestrosdk/maestro/pkg/apis/maestro/v1alpha1/zz_generated.deepcopy.go:1315.32,1316.15 1 0
github.com/maestrosdk/maestro/pkg/apis/maestro/v1alpha1/zz_generated.deepcopy.go:1319.2,1321.12 3 0
github.com/maestrosdk/maestro/pkg/apis/maestro/v1alpha1/zz_generated.deepcopy.go:1316.15,1318.3 1 0
github.com/maestrosdk/maestro/pkg/apis/maestro/v1alpha1/zz_generated.deepcopy.go:1325.45,1327.20 2 0
github.com/maestrosdk/maestro/pkg/apis/maestro/v1alpha1/zz_generated.deepcopy.go:1332.2,1332.20 1 0
github.com/maestrosdk/maestro/pkg/apis/maestro/v1alpha1/zz_generated.deepcopy.go:1337.2,1337.8 1 0
github.com/maestrosdk/maestro/pkg/apis/maestro/v1alpha1/zz_generated.deepcopy.go:1327.20,1331.3 3 0
github.com/maestrosdk/maestro/pkg/apis/maestro/v1alpha1/zz_generated.deepcopy.go:1332.20,1336.3 3 0
github.com/maestrosdk/maestro/pkg/apis/maestro/v1alpha1/zz_generated.deepcopy.go:1341.38,1342.15 1 0
github.com/maestrosdk/maestro/pkg/apis/maestro/v1alpha1/zz_generated.deepcopy.go:1345.2,1347.12 3 0
github.com/maestrosdk/maestro/pkg/apis/maestro/v1alpha1/zz_generated.deepcopy.go:1342.15,1344.3 1 0
github.com/maestrosdk/maestro/pkg/apis/maestro/v1alpha1/framework_types.go:59.13,61.2 1 1
github.com/maestrosdk/maestro/pkg/apis/maestro/v1alpha1/frameworkversion_types.go:146.13,148.2 1 1
github.com/maestrosdk/maestro/pkg/controller/instance/instance_controller.go:56.37,58.2 1 0
github.com/maestrosdk/maestro/pkg/controller/instance/instance_controller.go:61.62,63.2 1 0
github.com/maestrosdk/maestro/pkg/controller/instance/instance_controller.go:66.61,69.16 2 0
github.com/maestrosdk/maestro/pkg/controller/instance/instance_controller.go:73.2,74.46 1 0
github.com/maestrosdk/maestro/pkg/controller/instance/instance_controller.go:228.2,229.16 2 0
github.com/maestrosdk/maestro/pkg/controller/instance/instance_controller.go:232.2,232.12 1 0
github.com/maestrosdk/maestro/pkg/controller/instance/instance_controller.go:69.16,71.3 1 0
github.com/maestrosdk/maestro/pkg/controller/instance/instance_controller.go:74.46,80.40 3 0
github.com/maestrosdk/maestro/pkg/controller/instance/instance_controller.go:89.4,96.18 3 0
github.com/maestrosdk/maestro/pkg/controller/instance/instance_controller.go:106.4,108.62 3 0
github.com/maestrosdk/maestro/pkg/controller/instance/instance_controller.go:143.4,145.10 2 0
github.com/maestrosdk/maestro/pkg/controller/instance/instance_controller.go:183.4,183.37 1 0
github.com/maestrosdk/maestro/pkg/controller/instance/instance_controller.go:80.40,82.19 2 0
github.com/maestrosdk/maestro/pkg/controller/instance/instance_controller.go:85.5,85.16 1 0
github.com/maestrosdk/maestro/pkg/controller/instance/instance_controller.go:82.19,84.6 1 0
github.com/maestrosdk/maestro/pkg/controller/instance/instance_controller.go:96.18,105.5 2 0
github.com/maestrosdk/maestro/pkg/controller/instance/instance_controller.go:108.62,111.12 2 0
github.com/maestrosdk/maestro/pkg/controller/instance/instance_controller.go:111.12,113.13 2 0
github.com/maestrosdk/maestro/pkg/controller/instance/instance_controller.go:113.13,115.14 2 0
github.com/maestrosdk/maestro/pkg/controller/instance/instance_controller.go:119.7,120.26 2 0
github.com/maestrosdk/maestro/pkg/controller/instance/instance_controller.go:115.14,118.8 2 0
github.com/maestrosdk/maestro/pkg/controller/instance/instance_controller.go:121.12,123.7 1 0
github.com/maestrosdk/maestro/pkg/controller/instance/instance_controller.go:124.11,126.6 1 0
github.com/maestrosdk/maestro/pkg/controller/instance/instance_controller.go:127.10,127.53 1 0
github.com/maestrosdk/maestro/pkg/controller/instance/instance_controller.go:127.53,129.12 2 0
github.com/maestrosdk/maestro/pkg/controller/instance/instance_controller.go:129.12,131.13 2 0
github.com/maestrosdk/maestro/pkg/controller/instance/instance_controller.go:131.13,133.7 1 0
github.com/maestrosdk/maestro/pkg/controller/instance/instance_controller.go:133.12,135.7 1 0
github.com/maestrosdk/maestro/pkg/controller/instance/instance_controller.go:136.11,138.6 1 0
github.com/maestrosdk/maestro/pkg/controller/instance/instance_controller.go:139.10,141.5 1 0
github.com/maestrosdk/maestro/pkg/controller/instance/instance_controller.go:145.10,150.19 3 0
github.com/maestrosdk/maestro/pkg/controller/instance/instance_controller.go:172.5,173.19 2 0
github.com/maestrosdk/maestro/pkg/controller/instance/instance_controller.go:150.19,152.6 1 0
github.com/maestrosdk/maestro/pkg/controller/instance/instance_controller.go:152.11,153.68 1 0
github.com/maestrosdk/maestro/pkg/controller/instance/instance_controller.go:153.68,155.7 1 0
github.com/maestrosdk/maestro/pkg/controller/instance/instance_controller.go:155.12,159.120 4 0
github.com/maestrosdk/maestro/pkg/controller/instance/instance_controller.go:164.7,164.21 1 0
github.com/maestrosdk/maestro/pkg/controller/instance/instance_controller.go:159.120,163.8 3 0
github.com/maestrosdk/maestro/pkg/controller/instance/instance_controller.go:164.21,166.8 1 0
github.com/maestrosdk/maestro/pkg/controller/instance/instance_controller.go:166.13,168.8 1 0
github.com/maestrosdk/maestro/pkg/controller/instance/instance_controller.go:173.19,175.6 1 0
github.com/maestrosdk/maestro/pkg/controller/instance/instance_controller.go:186.46,198.18 5 0
github.com/maestrosdk/maestro/pkg/controller/instance/instance_controller.go:208.4,211.11 4 0
github.com/maestrosdk/maestro/pkg/controller/instance/instance_controller.go:216.4,217.18 2 0
github.com/maestrosdk/maestro/pkg/controller/instance/instance_controller.go:220.4,220.21 1 0
github.com/maestrosdk/maestro/pkg/controller/instance/instance_controller.go:198.18,207.5 2 0
github.com/maestrosdk/maestro/pkg/controller/instance/instance_controller.go:211.11,214.5 2 0
github.com/maestrosdk/maestro/pkg/controller/instance/instance_controller.go:217.18,219.5 1 0
github.com/maestrosdk/maestro/pkg/controller/instance/instance_controller.go:222.46,224.4 1 0
github.com/maestrosdk/maestro/pkg/controller/instance/instance_controller.go:229.16,231.3 1 0
github.com/maestrosdk/maestro/pkg/controller/instance/instance_controller.go:235.97,265.79 7 0
github.com/maestrosdk/maestro/pkg/controller/instance/instance_controller.go:269.2,270.12 2 0
github.com/maestrosdk/maestro/pkg/controller/instance/instance_controller.go:265.79,268.3 2 0
github.com/maestrosdk/maestro/pkg/controller/instance/instance_controller.go:287.92,291.16 3 0
github.com/maestrosdk/maestro/pkg/controller/instance/instance_controller.go:301.2,311.16 4 0
github.com/maestrosdk/maestro/pkg/controller/instance/instance_controller.go:321.2,321.43 1 0
github.com/maestrosdk/maestro/pkg/controller/instance/instance_controller.go:330.2,330.32 1 0
github.com/maestrosdk/maestro/pkg/controller/instance/instance_controller.go:291.16,292.29 1 0
github.com/maestrosdk/maestro/pkg/controller/instance/instance_controller.go:298.3,298.33 1 0
github.com/maestrosdk/maestro/pkg/controller/instance/instance_controller.go:292.29,296.4 1 0
github.com/maestrosdk/maestro/pkg/controller/instance/instance_controller.go:311.16,318.3 3 0
github.com/maestrosdk/maestro/pkg/controller/instance/instance_controller.go:321.43,322.21 1 0
github.com/maestrosdk/maestro/pkg/controller/instance/instance_controller.go:322.21,323.58 1 0
github.com/maestrosdk/maestro/pkg/controller/instance/instance_controller.go:323.58,325.5 1 0
github.com/maestrosdk/maestro/pkg/controller/framework/framework_controller.go:36.37,39.16 3 0
github.com/maestrosdk/maestro/pkg/controller/framework/framework_controller.go:42.2,42.29 1 0
github.com/maestrosdk/maestro/pkg/controller/framework/framework_controller.go:39.16,41.3 1 0
github.com/maestrosdk/maestro/pkg/controller/framework/framework_controller.go:46.71,49.2 1 0
github.com/maestrosdk/maestro/pkg/controller/framework/framework_controller.go:52.61,55.16 2 0
github.com/maestrosdk/maestro/pkg/controller/framework/framework_controller.go:60.2,61.16 2 0
github.com/maestrosdk/maestro/pkg/controller/framework/framework_controller.go:65.2,65.12 1 0
github.com/maestrosdk/maestro/pkg/controller/framework/framework_controller.go:55.16,57.3 1 0
github.com/maestrosdk/maestro/pkg/controller/framework/framework_controller.go:61.16,63.3 1 0
github.com/maestrosdk/maestro/pkg/controller/framework/framework_controller.go:82.93,86.16 3 0
github.com/maestrosdk/maestro/pkg/controller/framework/framework_controller.go:96.2,98.32 2 0
github.com/maestrosdk/maestro/pkg/controller/framework/framework_controller.go:86.16,87.29 1 0
github.com/maestrosdk/maestro/pkg/controller/framework/framework_controller.go:93.3,93.33 1 0
github.com/maestrosdk/maestro/pkg/controller/framework/framework_controller.go:87.29,91.4 1 0
github.com/maestrosdk/maestro/pkg/controller/planexecution/planexecution_controller.go:66.37,68.2 1 0
github.com/maestrosdk/maestro/pkg/controller/planexecution/planexecution_controller.go:71.62,73.2 1 0
github.com/maestrosdk/maestro/pkg/controller/planexecution/planexecution_controller.go:76.61,79.16 2 0
github.com/maestrosdk/maestro/pkg/controller/planexecution/planexecution_controller.go:87.2,88.49 1 0
github.com/maestrosdk/maestro/pkg/controller/planexecution/planexecution_controller.go:120.2,121.46 1 0
github.com/maestrosdk/maestro/pkg/controller/planexecution/planexecution_controller.go:135.2,136.16 2 0
github.com/maestrosdk/maestro/pkg/controller/planexecution/planexecution_controller.go:142.2,149.16 2 0
github.com/maestrosdk/maestro/pkg/controller/planexecution/planexecution_controller.go:152.2,159.16 2 0
github.com/maestrosdk/maestro/pkg/controller/planexecution/planexecution_controller.go:162.2,169.16 2 0
github.com/maestrosdk/maestro/pkg/controller/planexecution/planexecution_controller.go:173.2,173.12 1 0
github.com/maestrosdk/maestro/pkg/controller/planexecution/planexecution_controller.go:79.16,81.3 1 0
github.com/maestrosdk/maestro/pkg/controller/planexecution/planexecution_controller.go:88.49,91.33 3 0
github.com/maestrosdk/maestro/pkg/controller/planexecution/planexecution_controller.go:112.4,112.19 1 0
github.com/maestrosdk/maestro/pkg/controller/planexecution/planexecution_controller.go:91.33,100.19 3 0
github.com/maestrosdk/maestro/pkg/controller/planexecution/planexecution_controller.go:100.19,102.6 1 0
github.com/maestrosdk/maestro/pkg/controller/planexecution/planexecution_controller.go:102.11,110.6 2 0
github.com/maestrosdk/maestro/pkg/controller/planexecution/planexecution_controller.go:121.46,124.4 1 0
github.com/maestrosdk/maestro/pkg/controller/planexecution/planexecution_controller.go:125.46,127.4 1 0
github.com/maestrosdk/maestro/pkg/controller/planexecution/planexecution_controller.go:128.46,131.4 1 0
github.com/maestrosdk/maestro/pkg/controller/planexecution/planexecution_controller.go:136.16,138.3 1 0
github.com/maestrosdk/maestro/pkg/controller/planexecution/planexecution_controller.go:149.16,151.3 1 0
github.com/maestrosdk/maestro/pkg/controller/planexecution/planexecution_controller.go:159.16,161.3 1 0
github.com/maestrosdk/maestro/pkg/controller/planexecution/planexecution_controller.go:169.16,171.3 1 0
github.com/maestrosdk/maestro/pkg/controller/planexecution/planexecution_controller.go:196.97,200.16 3 0
github.com/maestrosdk/maestro/pkg/controller/planexecution/planexecution_controller.go:211.2,218.16 3 0
github.com/maestrosdk/maestro/pkg/controller/planexecution/planexecution_controller.go:231.2,231.70 1 0
github.com/maestrosdk/maestro/pkg/controller/planexecution/planexecution_controller.go:239.2,239.70 1 0
github.com/maestrosdk/maestro/pkg/controller/planexecution/planexecution_controller.go:246.2,260.16 5 0
github.com/maestrosdk/maestro/pkg/controller/planexecution/planexecution_controller.go:266.2,272.16 2 0
github.com/maestrosdk/maestro/pkg/controller/planexecution/planexecution_controller.go:286.2,292.45 5 0
github.com/maestrosdk/maestro/pkg/controller/planexecution/planexecution_controller.go:296.2,296.57 1 0
github.com/maestrosdk/maestro/pkg/controller/planexecution/planexecution_controller.go:315.2,316.9 2 0
github.com/maestrosdk/maestro/pkg/controller/planexecution/planexecution_controller.go:323.2,327.44 4 0
github.com/maestrosdk/maestro/pkg/controller/planexecution/planexecution_controller.go:437.2,437.52 1 0
github.com/maestrosdk/maestro/pkg/controller/planexecution/planexecution_controller.go:519.2,519.48 1 0
github.com/maestrosdk/maestro/pkg/controller/planexecution/planexecution_controller.go:527.2,527.32 1 0
github.com/maestrosdk/maestro/pkg/controller/planexecution/planexecution_controller.go:200.16,201.29 1 0
github.com/maestrosdk/maestro/pkg/controller/planexecution/planexecution_controller.go:208.3,208.33 1 0
github.com/maestrosdk/maestro/pkg/controller/planexecution/planexecution_controller.go:201.29,206.4 2 0
github.com/maestrosdk/maestro/pkg/controller/planexecution/planexecution_controller.go:218.16,228.3 4 0
github.com/maestrosdk/maestro/pkg/controller/planexecution/planexecution_controller.go:231.70,236.3 4 0
github.com/maestrosdk/maestro/pkg/controller/planexecution/planexecution_controller.go:239.70,242.3 2 0
github.com/maestrosdk/maestro/pkg/controller/planexecution/planexecution_controller.go:260.16,263.3 2 0
github.com/maestrosdk/maestro/pkg/controller/planexecution/planexecution_controller.go:272.16,282.3 4 0
github.com/maestrosdk/maestro/pkg/controller/planexecution/planexecution_controller.go:292.45,294.3 1 0
github.com/maestrosdk/maestro/pkg/controller/planexecution/planexecution_controller.go:296.57,298.10 2 0
github.com/maestrosdk/maestro/pkg/controller/planexecution/planexecution_controller.go:298.10,299.22 1 0
github.com/maestrosdk/maestro/pkg/controller/planexecution/planexecution_controller.go:305.4,305.39 1 0
github.com/maestrosdk/maestro/pkg/controller/planexecution/planexecution_controller.go:299.22,304.5 4 0
github.com/maestrosdk/maestro/pkg/controller/planexecution/planexecution_controller.go:316.9,321.3 4 0
github.com/maestrosdk/maestro/pkg/controller/planexecution/planexecution_controller.go:327.44,333.36 5 0
github.com/maestrosdk/maestro/pkg/controller/planexecution/planexecution_controller.go:333.36,345.33 6 0
github.com/maestrosdk/maestro/pkg/controller/planexecution/planexecution_controller.go:431.4,433.68 3 0
github.com/maestrosdk/maestro/pkg/controller/planexecution/planexecution_controller.go:345.33,347.59 1 0
github.com/maestrosdk/maestro/pkg/controller/planexecution/planexecution_controller.go:347.59,351.45 3 0
github.com/maestrosdk/maestro/pkg/controller/planexecution/planexecution_controller.go:368.6,389.20 3 0
github.com/maestrosdk/maestro/pkg/controller/planexecution/planexecution_controller.go:393.6,396.20 3 0
github.com/maestrosdk/maestro/pkg/controller/planexecution/planexecution_controller.go:399.6,403.20 4 0
github.com/maestrosdk/maestro/pkg/controller/planexecution/planexecution_controller.go:407.6,408.20 2 0
github.com/maestrosdk/maestro/pkg/controller/planexecution/planexecution_controller.go:412.6,413.20 2 0
github.com/maestrosdk/maestro/pkg/controller/planexecution/planexecution_controller.go:417.6,418.20 2 0
github.com/maestrosdk/maestro/pkg/controller/planexecution/planexecution_controller.go:423.6,423.39 1 0
github.com/maestrosdk/maestro/pkg/controller/planexecution/planexecution_controller.go:351.45,352.67 1 0
github.com/maestrosdk/maestro/pkg/controller/planexecution/planexecution_controller.go:352.67,354.22 2 0
github.com/maestrosdk/maestro/pkg/controller/planexecution/planexecution_controller.go:358.8,359.42 2 0
github.com/maestrosdk/maestro/pkg/controller/planexecution/planexecution_controller.go:354.22,357.9 2 0
github.com/maestrosdk/maestro/pkg/controller/planexecution/planexecution_controller.go:361.13,365.8 3 0
github.com/maestrosdk/maestro/pkg/controller/planexecution/planexecution_controller.go:389.20,391.7 1 0
github.com/maestrosdk/maestro/pkg/controller/planexecution/planexecution_controller.go:396.20,398.7 1 0
github.com/maestrosdk/maestro/pkg/controller/planexecution/planexecution_controller.go:403.20,405.7 1 0
github.com/maestrosdk/maestro/pkg/controller/planexecution/planexecution_controller.go:408.20,410.7 1 0
github.com/maestrosdk/maestro/pkg/controller/planexecution/planexecution_controller.go:413.20,415.7 1 0
github.com/maestrosdk/maestro/pkg/controller/planexecution/planexecution_controller.go:418.20,422.7 3 0
github.com/maestrosdk/maestro/pkg/controller/planexecution/planexecution_controller.go:424.11,428.6 3 0
github.com/maestrosdk/maestro/pkg/controller/planexecution/planexecution_controller.go:437.52,440.33 1 0
github.com/maestrosdk/maestro/pkg/controller/planexecution/planexecution_controller.go:502.3,502.60 1 0
github.com/maestrosdk/maestro/pkg/controller/planexecution/planexecution_controller.go:509.3,512.54 2 0
github.com/maestrosdk/maestro/pkg/controller/planexecution/planexecution_controller.go:516.3,516.49 1 0
github.com/maestrosdk/maestro/pkg/controller/planexecution/planexecution_controller.go:440.33,443.34 2 0
github.com/maestrosdk/maestro/pkg/controller/planexecution/planexecution_controller.go:488.4,489.48 2 0
github.com/maestrosdk/maestro/pkg/controller/planexecution/planexecution_controller.go:500.4,500.45 1 0
github.com/maestrosdk/maestro/pkg/controller/planexecution/planexecution_controller.go:443.34,446.105 1 0
github.com/maestrosdk/maestro/pkg/controller/planexecution/planexecution_controller.go:451.5,452.19 2 0
github.com/maestrosdk/maestro/pkg/controller/planexecution/planexecution_controller.go:455.5,455.108 1 0
github.com/maestrosdk/maestro/pkg/controller/planexecution/planexecution_controller.go:457.5,458.19 2 0
github.com/maestrosdk/maestro/pkg/controller/planexecution/planexecution_controller.go:465.5,475.19 4 0
github.com/maestrosdk/maestro/pkg/controller/planexecution/planexecution_controller.go:481.5,482.19 2 0
github.com/maestrosdk/maestro/pkg/controller/planexecution/planexecution_controller.go:446.105,448.6 1 0
github.com/maestrosdk/maestro/pkg/controller/planexecution/planexecution_controller.go:452.19,454.6 1 0
github.com/maestrosdk/maestro/pkg/controller/planexecution/planexecution_controller.go:455.108,455.122 1 0
github.com/maestrosdk/maestro/pkg/controller/planexecution/planexecution_controller.go:458.19,463.6 4 0
github.com/maestrosdk/maestro/pkg/controller/planexecution/planexecution_controller.go:475.19,480.6 4 0
github.com/maestrosdk/maestro/pkg/controller/planexecution/planexecution_controller.go:482.19,486.6 3 0
github.com/maestrosdk/maestro/pkg/controller/planexecution/planexecution_controller.go:489.48,492.92 2 0
github.com/maestrosdk/maestro/pkg/controller/planexecution/planexecution_controller.go:492.92,494.11 2 0
github.com/maestrosdk/maestro/pkg/controller/planexecution/planexecution_controller.go:495.11,497.6 1 0
github.com/maestrosdk/maestro/pkg/controller/planexecution/planexecution_controller.go:502.60,505.12 3 0
github.com/maestrosdk/maestro/pkg/controller/planexecution/planexecution_controller.go:512.54,514.9 2 0
github.com/maestrosdk/maestro/pkg/controller/planexecution/planexecution_controller.go:519.48,523.3 3 0
github.com/maestrosdk/maestro/pkg/controller/planexecution/planexecution_controller.go:523.8,525.3 1 0
github.com/maestrosdk/maestro/pkg/controller/planexecution/planexecution_controller.go:532.68,533.20 1 0
github.com/maestrosdk/maestro/pkg/controller/planexecution/planexecution_controller.go:571.2,571.12 1 0
github.com/maestrosdk/maestro/pkg/controller/planexecution/planexecution_controller.go:534.20,542.29 6 0
github.com/maestrosdk/maestro/pkg/controller/planexecution/planexecution_controller.go:547.3,547.17 1 0
github.com/maestrosdk/maestro/pkg/controller/planexecution/planexecution_controller.go:552.3,552.32 1 0
github.com/maestrosdk/maestro/pkg/controller/planexecution/planexecution_controller.go:560.3,560.36 1 0
github.com/maestrosdk/maestro/pkg/controller/planexecution/planexecution_controller.go:568.3,568.13 1 0
github.com/maestrosdk/maestro/pkg/controller/planexecution/planexecution_controller.go:542.29,546.4 2 0
github.com/maestrosdk/maestro/pkg/controller/planexecution/planexecution_controller.go:547.17,550.4 1 0
github.com/maestrosdk/maestro/pkg/controller/planexecution/planexecution_controller.go:552.32,553.30 1 0
github.com/maestrosdk/maestro/pkg/controller/planexecution/planexecution_controller.go:553.30,558.5 3 0
github.com/maestrosdk/maestro/pkg/controller/planexecution/planexecution_controller.go:560.36,561.26 1 0
github.com/maestrosdk/maestro/pkg/controller/planexecution/planexecution_controller.go:561.26,566.5 3 0
github.com/maestrosdk/maestro/pkg/controller/frameworkversion/frameworkversion_controller.go:41.37,43.2 1 0
github.com/maestrosdk/maestro/pkg/controller/frameworkversion/frameworkversion_controller.go:46.62,48.2 1 0
github.com/maestrosdk/maestro/pkg/controller/frameworkversion/frameworkversion_controller.go:51.61,54.16 2 0
github.com/maestrosdk/maestro/pkg/controller/frameworkversion/frameworkversion_controller.go:59.2,60.16 2 0
github.com/maestrosdk/maestro/pkg/controller/frameworkversion/frameworkversion_controller.go:64.2,64.12 1 0
github.com/maestrosdk/maestro/pkg/controller/frameworkversion/frameworkversion_controller.go:54.16,56.3 1 0
github.com/maestrosdk/maestro/pkg/controller/frameworkversion/frameworkversion_controller.go:60.16,62.3 1 0
github.com/maestrosdk/maestro/pkg/controller/frameworkversion/frameworkversion_controller.go:81.100,85.16 3 0
github.com/maestrosdk/maestro/pkg/controller/frameworkversion/frameworkversion_controller.go:95.2,100.32 2 0
github.com/maestrosdk/maestro/pkg/controller/frameworkversion/frameworkversion_controller.go:85.16,86.29 1 0
github.com/maestrosdk/maestro/pkg/controller/frameworkversion/frameworkversion_controller.go:92.3,92.33 1 0
github.com/maestrosdk/maestro/pkg/controller/frameworkversion/frameworkversion_controller.go:86.29,90.4 1 0
