mode: set
github.com/kudobuilder/kudo/pkg/apis/kudo/v1alpha1/framework_types.go:59.13,61.2 1 1
github.com/kudobuilder/kudo/pkg/apis/kudo/v1alpha1/frameworkversion_types.go:151.13,153.2 1 1
github.com/kudobuilder/kudo/pkg/apis/kudo/v1alpha1/instance_types.go:106.13,108.2 1 1
github.com/kudobuilder/kudo/pkg/apis/kudo/v1alpha1/planexecution_types.go:89.13,91.2 1 1
github.com/kudobuilder/kudo/pkg/apis/kudo/v1alpha1/register.go:43.53,45.2 1 0
github.com/kudobuilder/kudo/pkg/apis/kudo/v1alpha1/zz_generated.deepcopy.go:26.45,28.24 2 0
github.com/kudobuilder/kudo/pkg/apis/kudo/v1alpha1/zz_generated.deepcopy.go:33.2,33.20 1 0
github.com/kudobuilder/kudo/pkg/apis/kudo/v1alpha1/zz_generated.deepcopy.go:38.2,38.8 1 0
github.com/kudobuilder/kudo/pkg/apis/kudo/v1alpha1/zz_generated.deepcopy.go:28.24,32.3 3 0
github.com/kudobuilder/kudo/pkg/apis/kudo/v1alpha1/zz_generated.deepcopy.go:33.20,37.3 3 0
github.com/kudobuilder/kudo/pkg/apis/kudo/v1alpha1/zz_generated.deepcopy.go:42.38,43.15 1 0
github.com/kudobuilder/kudo/pkg/apis/kudo/v1alpha1/zz_generated.deepcopy.go:46.2,48.12 3 0
github.com/kudobuilder/kudo/pkg/apis/kudo/v1alpha1/zz_generated.deepcopy.go:43.15,45.3 1 0
github.com/kudobuilder/kudo/pkg/apis/kudo/v1alpha1/zz_generated.deepcopy.go:52.51,54.22 2 0
github.com/kudobuilder/kudo/pkg/apis/kudo/v1alpha1/zz_generated.deepcopy.go:59.2,59.26 1 0
github.com/kudobuilder/kudo/pkg/apis/kudo/v1alpha1/zz_generated.deepcopy.go:64.2,64.8 1 0
github.com/kudobuilder/kudo/pkg/apis/kudo/v1alpha1/zz_generated.deepcopy.go:54.22,58.3 3 0
github.com/kudobuilder/kudo/pkg/apis/kudo/v1alpha1/zz_generated.deepcopy.go:59.26,63.3 3 0
github.com/kudobuilder/kudo/pkg/apis/kudo/v1alpha1/zz_generated.deepcopy.go:68.44,69.15 1 0
github.com/kudobuilder/kudo/pkg/apis/kudo/v1alpha1/zz_generated.deepcopy.go:72.2,74.12 3 0
github.com/kudobuilder/kudo/pkg/apis/kudo/v1alpha1/zz_generated.deepcopy.go:69.15,71.3 1 0
github.com/kudobuilder/kudo/pkg/apis/kudo/v1alpha1/zz_generated.deepcopy.go:78.51,85.2 6 1
github.com/kudobuilder/kudo/pkg/apis/kudo/v1alpha1/zz_generated.deepcopy.go:88.44,89.15 1 1
github.com/kudobuilder/kudo/pkg/apis/kudo/v1alpha1/zz_generated.deepcopy.go:92.2,94.12 3 1
github.com/kudobuilder/kudo/pkg/apis/kudo/v1alpha1/zz_generated.deepcopy.go:89.15,91.3 1 0
github.com/kudobuilder/kudo/pkg/apis/kudo/v1alpha1/zz_generated.deepcopy.go:98.54,99.34 1 0
github.com/kudobuilder/kudo/pkg/apis/kudo/v1alpha1/zz_generated.deepcopy.go:102.2,102.12 1 0
github.com/kudobuilder/kudo/pkg/apis/kudo/v1alpha1/zz_generated.deepcopy.go:99.34,101.3 1 0
github.com/kudobuilder/kudo/pkg/apis/kudo/v1alpha1/zz_generated.deepcopy.go:106.71,110.2 3 0
github.com/kudobuilder/kudo/pkg/apis/kudo/v1alpha1/zz_generated.deepcopy.go:113.64,114.15 1 0
github.com/kudobuilder/kudo/pkg/apis/kudo/v1alpha1/zz_generated.deepcopy.go:117.2,119.12 3 0
github.com/kudobuilder/kudo/pkg/apis/kudo/v1alpha1/zz_generated.deepcopy.go:114.15,116.3 1 0
github.com/kudobuilder/kudo/pkg/apis/kudo/v1alpha1/zz_generated.deepcopy.go:123.59,127.21 4 0
github.com/kudobuilder/kudo/pkg/apis/kudo/v1alpha1/zz_generated.deepcopy.go:134.2,134.8 1 0
github.com/kudobuilder/kudo/pkg/apis/kudo/v1alpha1/zz_generated.deepcopy.go:127.21,130.22 3 0
github.com/kudobuilder/kudo/pkg/apis/kudo/v1alpha1/zz_generated.deepcopy.go:130.22,132.4 1 0
github.com/kudobuilder/kudo/pkg/apis/kudo/v1alpha1/zz_generated.deepcopy.go:138.52,139.15 1 0
github.com/kudobuilder/kudo/pkg/apis/kudo/v1alpha1/zz_generated.deepcopy.go:142.2,144.12 3 0
github.com/kudobuilder/kudo/pkg/apis/kudo/v1alpha1/zz_generated.deepcopy.go:139.15,141.3 1 0
github.com/kudobuilder/kudo/pkg/apis/kudo/v1alpha1/zz_generated.deepcopy.go:148.58,149.34 1 0
github.com/kudobuilder/kudo/pkg/apis/kudo/v1alpha1/zz_generated.deepcopy.go:152.2,152.12 1 0
github.com/kudobuilder/kudo/pkg/apis/kudo/v1alpha1/zz_generated.deepcopy.go:149.34,151.3 1 0
github.com/kudobuilder/kudo/pkg/apis/kudo/v1alpha1/zz_generated.deepcopy.go:156.59,159.2 2 0
github.com/kudobuilder/kudo/pkg/apis/kudo/v1alpha1/zz_generated.deepcopy.go:162.52,163.15 1 0
github.com/kudobuilder/kudo/pkg/apis/kudo/v1alpha1/zz_generated.deepcopy.go:166.2,168.12 3 0
github.com/kudobuilder/kudo/pkg/apis/kudo/v1alpha1/zz_generated.deepcopy.go:163.15,165.3 1 0
github.com/kudobuilder/kudo/pkg/apis/kudo/v1alpha1/zz_generated.deepcopy.go:172.63,175.2 2 0
github.com/kudobuilder/kudo/pkg/apis/kudo/v1alpha1/zz_generated.deepcopy.go:178.56,179.15 1 0
github.com/kudobuilder/kudo/pkg/apis/kudo/v1alpha1/zz_generated.deepcopy.go:182.2,184.12 3 0
github.com/kudobuilder/kudo/pkg/apis/kudo/v1alpha1/zz_generated.deepcopy.go:179.15,181.3 1 0
github.com/kudobuilder/kudo/pkg/apis/kudo/v1alpha1/zz_generated.deepcopy.go:188.65,195.2 6 1
github.com/kudobuilder/kudo/pkg/apis/kudo/v1alpha1/zz_generated.deepcopy.go:198.58,199.15 1 1
github.com/kudobuilder/kudo/pkg/apis/kudo/v1alpha1/zz_generated.deepcopy.go:202.2,204.12 3 1
github.com/kudobuilder/kudo/pkg/apis/kudo/v1alpha1/zz_generated.deepcopy.go:199.15,201.3 1 0
github.com/kudobuilder/kudo/pkg/apis/kudo/v1alpha1/zz_generated.deepcopy.go:208.61,209.34 1 0
github.com/kudobuilder/kudo/pkg/apis/kudo/v1alpha1/zz_generated.deepcopy.go:212.2,212.12 1 0
github.com/kudobuilder/kudo/pkg/apis/kudo/v1alpha1/zz_generated.deepcopy.go:209.34,211.3 1 0
github.com/kudobuilder/kudo/pkg/apis/kudo/v1alpha1/zz_generated.deepcopy.go:216.73,220.21 4 0
github.com/kudobuilder/kudo/pkg/apis/kudo/v1alpha1/zz_generated.deepcopy.go:227.2,227.8 1 0
github.com/kudobuilder/kudo/pkg/apis/kudo/v1alpha1/zz_generated.deepcopy.go:220.21,223.22 3 0
github.com/kudobuilder/kudo/pkg/apis/kudo/v1alpha1/zz_generated.deepcopy.go:223.22,225.4 1 0
github.com/kudobuilder/kudo/pkg/apis/kudo/v1alpha1/zz_generated.deepcopy.go:231.66,232.15 1 0
github.com/kudobuilder/kudo/pkg/apis/kudo/v1alpha1/zz_generated.deepcopy.go:235.2,237.12 3 0
github.com/kudobuilder/kudo/pkg/apis/kudo/v1alpha1/zz_generated.deepcopy.go:232.15,234.3 1 0
github.com/kudobuilder/kudo/pkg/apis/kudo/v1alpha1/zz_generated.deepcopy.go:241.65,242.34 1 0
github.com/kudobuilder/kudo/pkg/apis/kudo/v1alpha1/zz_generated.deepcopy.go:245.2,245.12 1 0
github.com/kudobuilder/kudo/pkg/apis/kudo/v1alpha1/zz_generated.deepcopy.go:242.34,244.3 1 0
github.com/kudobuilder/kudo/pkg/apis/kudo/v1alpha1/zz_generated.deepcopy.go:249.73,252.25 3 1
github.com/kudobuilder/kudo/pkg/apis/kudo/v1alpha1/zz_generated.deepcopy.go:259.2,259.21 1 1
github.com/kudobuilder/kudo/pkg/apis/kudo/v1alpha1/zz_generated.deepcopy.go:266.2,266.26 1 1
github.com/kudobuilder/kudo/pkg/apis/kudo/v1alpha1/zz_generated.deepcopy.go:271.2,271.21 1 1
github.com/kudobuilder/kudo/pkg/apis/kudo/v1alpha1/zz_generated.deepcopy.go:278.2,278.28 1 1
github.com/kudobuilder/kudo/pkg/apis/kudo/v1alpha1/zz_generated.deepcopy.go:283.2,283.30 1 1
github.com/kudobuilder/kudo/pkg/apis/kudo/v1alpha1/zz_generated.deepcopy.go:290.2,290.8 1 1
github.com/kudobuilder/kudo/pkg/apis/kudo/v1alpha1/zz_generated.deepcopy.go:252.25,255.29 3 0
github.com/kudobuilder/kudo/pkg/apis/kudo/v1alpha1/zz_generated.deepcopy.go:255.29,257.4 1 0
github.com/kudobuilder/kudo/pkg/apis/kudo/v1alpha1/zz_generated.deepcopy.go:259.21,262.29 3 0
github.com/kudobuilder/kudo/pkg/apis/kudo/v1alpha1/zz_generated.deepcopy.go:262.29,264.4 1 0
github.com/kudobuilder/kudo/pkg/apis/kudo/v1alpha1/zz_generated.deepcopy.go:266.26,270.3 3 0
github.com/kudobuilder/kudo/pkg/apis/kudo/v1alpha1/zz_generated.deepcopy.go:271.21,274.29 3 0
github.com/kudobuilder/kudo/pkg/apis/kudo/v1alpha1/zz_generated.deepcopy.go:274.29,276.4 1 0
github.com/kudobuilder/kudo/pkg/apis/kudo/v1alpha1/zz_generated.deepcopy.go:278.28,282.3 3 0
github.com/kudobuilder/kudo/pkg/apis/kudo/v1alpha1/zz_generated.deepcopy.go:283.30,286.22 3 0
github.com/kudobuilder/kudo/pkg/apis/kudo/v1alpha1/zz_generated.deepcopy.go:286.22,288.4 1 0
github.com/kudobuilder/kudo/pkg/apis/kudo/v1alpha1/zz_generated.deepcopy.go:294.66,295.15 1 0
github.com/kudobuilder/kudo/pkg/apis/kudo/v1alpha1/zz_generated.deepcopy.go:298.2,300.12 3 0
github.com/kudobuilder/kudo/pkg/apis/kudo/v1alpha1/zz_generated.deepcopy.go:295.15,297.3 1 0
github.com/kudobuilder/kudo/pkg/apis/kudo/v1alpha1/zz_generated.deepcopy.go:304.77,307.2 2 0
github.com/kudobuilder/kudo/pkg/apis/kudo/v1alpha1/zz_generated.deepcopy.go:310.70,311.15 1 0
github.com/kudobuilder/kudo/pkg/apis/kudo/v1alpha1/zz_generated.deepcopy.go:314.2,316.12 3 0
github.com/kudobuilder/kudo/pkg/apis/kudo/v1alpha1/zz_generated.deepcopy.go:311.15,313.3 1 0
github.com/kudobuilder/kudo/pkg/apis/kudo/v1alpha1/zz_generated.deepcopy.go:320.55,322.19 2 0
github.com/kudobuilder/kudo/pkg/apis/kudo/v1alpha1/zz_generated.deepcopy.go:327.2,327.8 1 0
github.com/kudobuilder/kudo/pkg/apis/kudo/v1alpha1/zz_generated.deepcopy.go:322.19,326.3 3 0
github.com/kudobuilder/kudo/pkg/apis/kudo/v1alpha1/zz_generated.deepcopy.go:331.48,332.15 1 0
github.com/kudobuilder/kudo/pkg/apis/kudo/v1alpha1/zz_generated.deepcopy.go:335.2,337.12 3 0
github.com/kudobuilder/kudo/pkg/apis/kudo/v1alpha1/zz_generated.deepcopy.go:332.15,334.3 1 0
github.com/kudobuilder/kudo/pkg/apis/kudo/v1alpha1/zz_generated.deepcopy.go:341.53,343.24 2 0
github.com/kudobuilder/kudo/pkg/apis/kudo/v1alpha1/zz_generated.deepcopy.go:348.2,348.29 1 0
github.com/kudobuilder/kudo/pkg/apis/kudo/v1alpha1/zz_generated.deepcopy.go:353.2,353.8 1 0
github.com/kudobuilder/kudo/pkg/apis/kudo/v1alpha1/zz_generated.deepcopy.go:343.24,347.3 3 0
github.com/kudobuilder/kudo/pkg/apis/kudo/v1alpha1/zz_generated.deepcopy.go:348.29,352.3 3 0
github.com/kudobuilder/kudo/pkg/apis/kudo/v1alpha1/zz_generated.deepcopy.go:357.46,358.15 1 0
github.com/kudobuilder/kudo/pkg/apis/kudo/v1alpha1/zz_generated.deepcopy.go:361.2,363.12 3 0
github.com/kudobuilder/kudo/pkg/apis/kudo/v1alpha1/zz_generated.deepcopy.go:358.15,360.3 1 0
github.com/kudobuilder/kudo/pkg/apis/kudo/v1alpha1/zz_generated.deepcopy.go:367.49,374.2 6 1
github.com/kudobuilder/kudo/pkg/apis/kudo/v1alpha1/zz_generated.deepcopy.go:377.42,378.15 1 1
github.com/kudobuilder/kudo/pkg/apis/kudo/v1alpha1/zz_generated.deepcopy.go:381.2,383.12 3 1
github.com/kudobuilder/kudo/pkg/apis/kudo/v1alpha1/zz_generated.deepcopy.go:378.15,380.3 1 0
github.com/kudobuilder/kudo/pkg/apis/kudo/v1alpha1/zz_generated.deepcopy.go:387.53,388.34 1 0
github.com/kudobuilder/kudo/pkg/apis/kudo/v1alpha1/zz_generated.deepcopy.go:391.2,391.12 1 0
github.com/kudobuilder/kudo/pkg/apis/kudo/v1alpha1/zz_generated.deepcopy.go:388.34,390.3 1 0
github.com/kudobuilder/kudo/pkg/apis/kudo/v1alpha1/zz_generated.deepcopy.go:395.57,399.21 4 0
github.com/kudobuilder/kudo/pkg/apis/kudo/v1alpha1/zz_generated.deepcopy.go:406.2,406.8 1 0
github.com/kudobuilder/kudo/pkg/apis/kudo/v1alpha1/zz_generated.deepcopy.go:399.21,402.22 3 0
github.com/kudobuilder/kudo/pkg/apis/kudo/v1alpha1/zz_generated.deepcopy.go:402.22,404.4 1 0
github.com/kudobuilder/kudo/pkg/apis/kudo/v1alpha1/zz_generated.deepcopy.go:410.50,411.15 1 0
github.com/kudobuilder/kudo/pkg/apis/kudo/v1alpha1/zz_generated.deepcopy.go:414.2,416.12 3 0
github.com/kudobuilder/kudo/pkg/apis/kudo/v1alpha1/zz_generated.deepcopy.go:411.15,413.3 1 0
github.com/kudobuilder/kudo/pkg/apis/kudo/v1alpha1/zz_generated.deepcopy.go:420.57,421.34 1 0
github.com/kudobuilder/kudo/pkg/apis/kudo/v1alpha1/zz_generated.deepcopy.go:424.2,424.12 1 0
github.com/kudobuilder/kudo/pkg/apis/kudo/v1alpha1/zz_generated.deepcopy.go:421.34,423.3 1 0
github.com/kudobuilder/kudo/pkg/apis/kudo/v1alpha1/zz_generated.deepcopy.go:428.57,431.28 3 1
github.com/kudobuilder/kudo/pkg/apis/kudo/v1alpha1/zz_generated.deepcopy.go:436.2,436.26 1 1
github.com/kudobuilder/kudo/pkg/apis/kudo/v1alpha1/zz_generated.deepcopy.go:443.2,443.8 1 1
github.com/kudobuilder/kudo/pkg/apis/kudo/v1alpha1/zz_generated.deepcopy.go:431.28,435.3 3 0
github.com/kudobuilder/kudo/pkg/apis/kudo/v1alpha1/zz_generated.deepcopy.go:436.26,439.29 3 0
github.com/kudobuilder/kudo/pkg/apis/kudo/v1alpha1/zz_generated.deepcopy.go:439.29,441.4 1 0
github.com/kudobuilder/kudo/pkg/apis/kudo/v1alpha1/zz_generated.deepcopy.go:447.50,448.15 1 0
github.com/kudobuilder/kudo/pkg/apis/kudo/v1alpha1/zz_generated.deepcopy.go:451.2,453.12 3 0
github.com/kudobuilder/kudo/pkg/apis/kudo/v1alpha1/zz_generated.deepcopy.go:448.15,450.3 1 0
github.com/kudobuilder/kudo/pkg/apis/kudo/v1alpha1/zz_generated.deepcopy.go:457.61,461.2 3 0
github.com/kudobuilder/kudo/pkg/apis/kudo/v1alpha1/zz_generated.deepcopy.go:464.54,465.15 1 0
github.com/kudobuilder/kudo/pkg/apis/kudo/v1alpha1/zz_generated.deepcopy.go:468.2,470.12 3 0
github.com/kudobuilder/kudo/pkg/apis/kudo/v1alpha1/zz_generated.deepcopy.go:465.15,467.3 1 0
github.com/kudobuilder/kudo/pkg/apis/kudo/v1alpha1/zz_generated.deepcopy.go:474.47,476.25 2 0
github.com/kudobuilder/kudo/pkg/apis/kudo/v1alpha1/zz_generated.deepcopy.go:481.2,481.30 1 0
github.com/kudobuilder/kudo/pkg/apis/kudo/v1alpha1/zz_generated.deepcopy.go:486.2,486.8 1 0
github.com/kudobuilder/kudo/pkg/apis/kudo/v1alpha1/zz_generated.deepcopy.go:476.25,480.3 3 0
github.com/kudobuilder/kudo/pkg/apis/kudo/v1alpha1/zz_generated.deepcopy.go:481.30,485.3 3 0
github.com/kudobuilder/kudo/pkg/apis/kudo/v1alpha1/zz_generated.deepcopy.go:490.40,491.15 1 0
github.com/kudobuilder/kudo/pkg/apis/kudo/v1alpha1/zz_generated.deepcopy.go:494.2,496.12 3 0
github.com/kudobuilder/kudo/pkg/apis/kudo/v1alpha1/zz_generated.deepcopy.go:491.15,493.3 1 0
github.com/kudobuilder/kudo/pkg/apis/kudo/v1alpha1/zz_generated.deepcopy.go:500.51,503.2 2 0
github.com/kudobuilder/kudo/pkg/apis/kudo/v1alpha1/zz_generated.deepcopy.go:506.44,507.15 1 0
github.com/kudobuilder/kudo/pkg/apis/kudo/v1alpha1/zz_generated.deepcopy.go:510.2,512.12 3 0
github.com/kudobuilder/kudo/pkg/apis/kudo/v1alpha1/zz_generated.deepcopy.go:507.15,509.3 1 0
github.com/kudobuilder/kudo/pkg/apis/kudo/v1alpha1/zz_generated.deepcopy.go:516.43,518.21 2 0
github.com/kudobuilder/kudo/pkg/apis/kudo/v1alpha1/zz_generated.deepcopy.go:525.2,525.8 1 0
github.com/kudobuilder/kudo/pkg/apis/kudo/v1alpha1/zz_generated.deepcopy.go:518.21,521.22 3 0
github.com/kudobuilder/kudo/pkg/apis/kudo/v1alpha1/zz_generated.deepcopy.go:521.22,523.4 1 0
github.com/kudobuilder/kudo/pkg/apis/kudo/v1alpha1/zz_generated.deepcopy.go:529.36,530.15 1 0
github.com/kudobuilder/kudo/pkg/apis/kudo/v1alpha1/zz_generated.deepcopy.go:533.2,535.12 3 0
github.com/kudobuilder/kudo/pkg/apis/kudo/v1alpha1/zz_generated.deepcopy.go:530.15,532.3 1 0
github.com/kudobuilder/kudo/pkg/apis/kudo/v1alpha1/zz_generated.deepcopy.go:539.55,541.21 2 0
github.com/kudobuilder/kudo/pkg/apis/kudo/v1alpha1/zz_generated.deepcopy.go:548.2,548.8 1 0
github.com/kudobuilder/kudo/pkg/apis/kudo/v1alpha1/zz_generated.deepcopy.go:541.21,544.22 3 0
github.com/kudobuilder/kudo/pkg/apis/kudo/v1alpha1/zz_generated.deepcopy.go:544.22,546.4 1 0
github.com/kudobuilder/kudo/pkg/apis/kudo/v1alpha1/zz_generated.deepcopy.go:552.48,553.15 1 0
github.com/kudobuilder/kudo/pkg/apis/kudo/v1alpha1/zz_generated.deepcopy.go:556.2,558.12 3 0
github.com/kudobuilder/kudo/pkg/apis/kudo/v1alpha1/zz_generated.deepcopy.go:553.15,555.3 1 0
github.com/kudobuilder/kudo/pkg/apis/kudo/v1alpha1/zz_generated.deepcopy.go:562.41,564.22 2 0
github.com/kudobuilder/kudo/pkg/apis/kudo/v1alpha1/zz_generated.deepcopy.go:571.2,571.8 1 0
github.com/kudobuilder/kudo/pkg/apis/kudo/v1alpha1/zz_generated.deepcopy.go:564.22,567.22 3 0
github.com/kudobuilder/kudo/pkg/apis/kudo/v1alpha1/zz_generated.deepcopy.go:567.22,569.4 1 0
github.com/kudobuilder/kudo/pkg/apis/kudo/v1alpha1/zz_generated.deepcopy.go:575.34,576.15 1 0
github.com/kudobuilder/kudo/pkg/apis/kudo/v1alpha1/zz_generated.deepcopy.go:579.2,581.12 3 0
github.com/kudobuilder/kudo/pkg/apis/kudo/v1alpha1/zz_generated.deepcopy.go:576.15,578.3 1 0
github.com/kudobuilder/kudo/pkg/apis/kudo/v1alpha1/zz_generated.deepcopy.go:585.59,592.2 6 1
github.com/kudobuilder/kudo/pkg/apis/kudo/v1alpha1/zz_generated.deepcopy.go:595.52,596.15 1 1
github.com/kudobuilder/kudo/pkg/apis/kudo/v1alpha1/zz_generated.deepcopy.go:599.2,601.12 3 1
github.com/kudobuilder/kudo/pkg/apis/kudo/v1alpha1/zz_generated.deepcopy.go:596.15,598.3 1 0
github.com/kudobuilder/kudo/pkg/apis/kudo/v1alpha1/zz_generated.deepcopy.go:605.58,606.34 1 0
github.com/kudobuilder/kudo/pkg/apis/kudo/v1alpha1/zz_generated.deepcopy.go:609.2,609.12 1 0
github.com/kudobuilder/kudo/pkg/apis/kudo/v1alpha1/zz_generated.deepcopy.go:606.34,608.3 1 0
github.com/kudobuilder/kudo/pkg/apis/kudo/v1alpha1/zz_generated.deepcopy.go:613.67,617.21 4 0
github.com/kudobuilder/kudo/pkg/apis/kudo/v1alpha1/zz_generated.deepcopy.go:624.2,624.8 1 0
github.com/kudobuilder/kudo/pkg/apis/kudo/v1alpha1/zz_generated.deepcopy.go:617.21,620.22 3 0
github.com/kudobuilder/kudo/pkg/apis/kudo/v1alpha1/zz_generated.deepcopy.go:620.22,622.4 1 0
github.com/kudobuilder/kudo/pkg/apis/kudo/v1alpha1/zz_generated.deepcopy.go:628.60,629.15 1 0
github.com/kudobuilder/kudo/pkg/apis/kudo/v1alpha1/zz_generated.deepcopy.go:632.2,634.12 3 0
github.com/kudobuilder/kudo/pkg/apis/kudo/v1alpha1/zz_generated.deepcopy.go:629.15,631.3 1 0
github.com/kudobuilder/kudo/pkg/apis/kudo/v1alpha1/zz_generated.deepcopy.go:638.62,639.34 1 0
github.com/kudobuilder/kudo/pkg/apis/kudo/v1alpha1/zz_generated.deepcopy.go:642.2,642.12 1 0
github.com/kudobuilder/kudo/pkg/apis/kudo/v1alpha1/zz_generated.deepcopy.go:639.34,641.3 1 0
github.com/kudobuilder/kudo/pkg/apis/kudo/v1alpha1/zz_generated.deepcopy.go:646.67,648.23 2 1
github.com/kudobuilder/kudo/pkg/apis/kudo/v1alpha1/zz_generated.deepcopy.go:653.2,654.8 2 1
github.com/kudobuilder/kudo/pkg/apis/kudo/v1alpha1/zz_generated.deepcopy.go:648.23,652.3 3 0
github.com/kudobuilder/kudo/pkg/apis/kudo/v1alpha1/zz_generated.deepcopy.go:658.60,659.15 1 0
github.com/kudobuilder/kudo/pkg/apis/kudo/v1alpha1/zz_generated.deepcopy.go:662.2,664.12 3 0
github.com/kudobuilder/kudo/pkg/apis/kudo/v1alpha1/zz_generated.deepcopy.go:659.15,661.3 1 0
github.com/kudobuilder/kudo/pkg/apis/kudo/v1alpha1/zz_generated.deepcopy.go:668.71,670.22 2 1
github.com/kudobuilder/kudo/pkg/apis/kudo/v1alpha1/zz_generated.deepcopy.go:677.2,677.8 1 1
github.com/kudobuilder/kudo/pkg/apis/kudo/v1alpha1/zz_generated.deepcopy.go:670.22,673.22 3 0
github.com/kudobuilder/kudo/pkg/apis/kudo/v1alpha1/zz_generated.deepcopy.go:673.22,675.4 1 0
github.com/kudobuilder/kudo/pkg/apis/kudo/v1alpha1/zz_generated.deepcopy.go:681.64,682.15 1 0
github.com/kudobuilder/kudo/pkg/apis/kudo/v1alpha1/zz_generated.deepcopy.go:685.2,687.12 3 0
github.com/kudobuilder/kudo/pkg/apis/kudo/v1alpha1/zz_generated.deepcopy.go:682.15,684.3 1 0
github.com/kudobuilder/kudo/pkg/apis/kudo/v1alpha1/zz_generated.deepcopy.go:691.39,693.28 2 0
github.com/kudobuilder/kudo/pkg/apis/kudo/v1alpha1/zz_generated.deepcopy.go:708.2,708.25 1 0
github.com/kudobuilder/kudo/pkg/apis/kudo/v1alpha1/zz_generated.deepcopy.go:713.2,713.21 1 0
github.com/kudobuilder/kudo/pkg/apis/kudo/v1alpha1/zz_generated.deepcopy.go:718.2,718.24 1 0
github.com/kudobuilder/kudo/pkg/apis/kudo/v1alpha1/zz_generated.deepcopy.go:733.2,733.23 1 0
github.com/kudobuilder/kudo/pkg/apis/kudo/v1alpha1/zz_generated.deepcopy.go:748.2,748.20 1 0
github.com/kudobuilder/kudo/pkg/apis/kudo/v1alpha1/zz_generated.deepcopy.go:759.2,759.21 1 0
github.com/kudobuilder/kudo/pkg/apis/kudo/v1alpha1/zz_generated.deepcopy.go:774.2,774.22 1 0
github.com/kudobuilder/kudo/pkg/apis/kudo/v1alpha1/zz_generated.deepcopy.go:779.2,779.23 1 0
github.com/kudobuilder/kudo/pkg/apis/kudo/v1alpha1/zz_generated.deepcopy.go:794.2,794.31 1 0
github.com/kudobuilder/kudo/pkg/apis/kudo/v1alpha1/zz_generated.deepcopy.go:799.2,799.23 1 0
github.com/kudobuilder/kudo/pkg/apis/kudo/v1alpha1/zz_generated.deepcopy.go:814.2,814.27 1 0
github.com/kudobuilder/kudo/pkg/apis/kudo/v1alpha1/zz_generated.deepcopy.go:829.2,829.8 1 0
github.com/kudobuilder/kudo/pkg/apis/kudo/v1alpha1/zz_generated.deepcopy.go:693.28,696.29 3 0
github.com/kudobuilder/kudo/pkg/apis/kudo/v1alpha1/zz_generated.deepcopy.go:696.29,698.18 2 0
github.com/kudobuilder/kudo/pkg/apis/kudo/v1alpha1/zz_generated.deepcopy.go:705.4,705.24 1 0
github.com/kudobuilder/kudo/pkg/apis/kudo/v1alpha1/zz_generated.deepcopy.go:698.18,700.5 1 0
github.com/kudobuilder/kudo/pkg/apis/kudo/v1alpha1/zz_generated.deepcopy.go:700.10,704.5 3 0
github.com/kudobuilder/kudo/pkg/apis/kudo/v1alpha1/zz_generated.deepcopy.go:708.25,712.3 3 0
github.com/kudobuilder/kudo/pkg/apis/kudo/v1alpha1/zz_generated.deepcopy.go:713.21,717.3 3 0
github.com/kudobuilder/kudo/pkg/apis/kudo/v1alpha1/zz_generated.deepcopy.go:718.24,721.29 3 0
github.com/kudobuilder/kudo/pkg/apis/kudo/v1alpha1/zz_generated.deepcopy.go:721.29,723.18 2 0
github.com/kudobuilder/kudo/pkg/apis/kudo/v1alpha1/zz_generated.deepcopy.go:730.4,730.24 1 0
github.com/kudobuilder/kudo/pkg/apis/kudo/v1alpha1/zz_generated.deepcopy.go:723.18,725.5 1 0
github.com/kudobuilder/kudo/pkg/apis/kudo/v1alpha1/zz_generated.deepcopy.go:725.10,729.5 3 0
github.com/kudobuilder/kudo/pkg/apis/kudo/v1alpha1/zz_generated.deepcopy.go:733.23,736.29 3 0
github.com/kudobuilder/kudo/pkg/apis/kudo/v1alpha1/zz_generated.deepcopy.go:736.29,738.18 2 0
github.com/kudobuilder/kudo/pkg/apis/kudo/v1alpha1/zz_generated.deepcopy.go:745.4,745.24 1 0
github.com/kudobuilder/kudo/pkg/apis/kudo/v1alpha1/zz_generated.deepcopy.go:738.18,740.5 1 0
github.com/kudobuilder/kudo/pkg/apis/kudo/v1alpha1/zz_generated.deepcopy.go:740.10,744.5 3 0
github.com/kudobuilder/kudo/pkg/apis/kudo/v1alpha1/zz_generated.deepcopy.go:748.20,751.22 3 0
github.com/kudobuilder/kudo/pkg/apis/kudo/v1alpha1/zz_generated.deepcopy.go:751.22,752.23 1 0
github.com/kudobuilder/kudo/pkg/apis/kudo/v1alpha1/zz_generated.deepcopy.go:752.23,756.5 3 0
github.com/kudobuilder/kudo/pkg/apis/kudo/v1alpha1/zz_generated.deepcopy.go:759.21,762.29 3 0
github.com/kudobuilder/kudo/pkg/apis/kudo/v1alpha1/zz_generated.deepcopy.go:762.29,764.18 2 0
github.com/kudobuilder/kudo/pkg/apis/kudo/v1alpha1/zz_generated.deepcopy.go:771.4,771.24 1 0
github.com/kudobuilder/kudo/pkg/apis/kudo/v1alpha1/zz_generated.deepcopy.go:764.18,766.5 1 0
github.com/kudobuilder/kudo/pkg/apis/kudo/v1alpha1/zz_generated.deepcopy.go:766.10,770.5 3 0
github.com/kudobuilder/kudo/pkg/apis/kudo/v1alpha1/zz_generated.deepcopy.go:774.22,778.3 3 0
github.com/kudobuilder/kudo/pkg/apis/kudo/v1alpha1/zz_generated.deepcopy.go:779.23,782.29 3 0
github.com/kudobuilder/kudo/pkg/apis/kudo/v1alpha1/zz_generated.deepcopy.go:782.29,784.18 2 0
github.com/kudobuilder/kudo/pkg/apis/kudo/v1alpha1/zz_generated.deepcopy.go:791.4,791.24 1 0
github.com/kudobuilder/kudo/pkg/apis/kudo/v1alpha1/zz_generated.deepcopy.go:784.18,786.5 1 0
github.com/kudobuilder/kudo/pkg/apis/kudo/v1alpha1/zz_generated.deepcopy.go:786.10,790.5 3 0
github.com/kudobuilder/kudo/pkg/apis/kudo/v1alpha1/zz_generated.deepcopy.go:794.31,798.3 3 0
github.com/kudobuilder/kudo/pkg/apis/kudo/v1alpha1/zz_generated.deepcopy.go:799.23,802.29 3 0
github.com/kudobuilder/kudo/pkg/apis/kudo/v1alpha1/zz_generated.deepcopy.go:802.29,804.18 2 0
github.com/kudobuilder/kudo/pkg/apis/kudo/v1alpha1/zz_generated.deepcopy.go:811.4,811.24 1 0
github.com/kudobuilder/kudo/pkg/apis/kudo/v1alpha1/zz_generated.deepcopy.go:804.18,806.5 1 0
github.com/kudobuilder/kudo/pkg/apis/kudo/v1alpha1/zz_generated.deepcopy.go:806.10,810.5 3 0
github.com/kudobuilder/kudo/pkg/apis/kudo/v1alpha1/zz_generated.deepcopy.go:814.27,817.29 3 0
github.com/kudobuilder/kudo/pkg/apis/kudo/v1alpha1/zz_generated.deepcopy.go:817.29,819.18 2 0
github.com/kudobuilder/kudo/pkg/apis/kudo/v1alpha1/zz_generated.deepcopy.go:826.4,826.24 1 0
github.com/kudobuilder/kudo/pkg/apis/kudo/v1alpha1/zz_generated.deepcopy.go:819.18,821.5 1 0
github.com/kudobuilder/kudo/pkg/apis/kudo/v1alpha1/zz_generated.deepcopy.go:821.10,825.5 3 0
github.com/kudobuilder/kudo/pkg/apis/kudo/v1alpha1/zz_generated.deepcopy.go:833.32,834.15 1 0
github.com/kudobuilder/kudo/pkg/apis/kudo/v1alpha1/zz_generated.deepcopy.go:837.2,839.12 3 0
github.com/kudobuilder/kudo/pkg/apis/kudo/v1alpha1/zz_generated.deepcopy.go:834.15,836.3 1 0
github.com/kudobuilder/kudo/pkg/apis/kudo/v1alpha1/zz_generated.deepcopy.go:843.41,845.22 2 0
github.com/kudobuilder/kudo/pkg/apis/kudo/v1alpha1/zz_generated.deepcopy.go:850.2,850.19 1 0
github.com/kudobuilder/kudo/pkg/apis/kudo/v1alpha1/zz_generated.deepcopy.go:855.2,855.8 1 0
github.com/kudobuilder/kudo/pkg/apis/kudo/v1alpha1/zz_generated.deepcopy.go:845.22,849.3 3 0
github.com/kudobuilder/kudo/pkg/apis/kudo/v1alpha1/zz_generated.deepcopy.go:850.19,854.3 3 0
github.com/kudobuilder/kudo/pkg/apis/kudo/v1alpha1/zz_generated.deepcopy.go:859.34,860.15 1 0
github.com/kudobuilder/kudo/pkg/apis/kudo/v1alpha1/zz_generated.deepcopy.go:863.2,865.12 3 0
github.com/kudobuilder/kudo/pkg/apis/kudo/v1alpha1/zz_generated.deepcopy.go:860.15,862.3 1 0
github.com/kudobuilder/kudo/pkg/apis/kudo/v1alpha1/zz_generated.deepcopy.go:869.45,872.2 2 0
github.com/kudobuilder/kudo/pkg/apis/kudo/v1alpha1/zz_generated.deepcopy.go:875.38,876.15 1 0
github.com/kudobuilder/kudo/pkg/apis/kudo/v1alpha1/zz_generated.deepcopy.go:879.2,881.12 3 0
github.com/kudobuilder/kudo/pkg/apis/kudo/v1alpha1/zz_generated.deepcopy.go:876.15,878.3 1 0
github.com/kudobuilder/kudo/pkg/apis/kudo/v1alpha1/zz_generated.deepcopy.go:885.61,887.19 2 0
github.com/kudobuilder/kudo/pkg/apis/kudo/v1alpha1/zz_generated.deepcopy.go:892.2,892.8 1 0
github.com/kudobuilder/kudo/pkg/apis/kudo/v1alpha1/zz_generated.deepcopy.go:887.19,891.3 3 0
github.com/kudobuilder/kudo/pkg/apis/kudo/v1alpha1/zz_generated.deepcopy.go:896.54,897.15 1 0
github.com/kudobuilder/kudo/pkg/apis/kudo/v1alpha1/zz_generated.deepcopy.go:900.2,902.12 3 0
github.com/kudobuilder/kudo/pkg/apis/kudo/v1alpha1/zz_generated.deepcopy.go:897.15,899.3 1 0
github.com/kudobuilder/kudo/pkg/apis/kudo/v1alpha1/zz_generated.deepcopy.go:906.55,908.21 2 0
github.com/kudobuilder/kudo/pkg/apis/kudo/v1alpha1/zz_generated.deepcopy.go:923.2,923.22 1 0
github.com/kudobuilder/kudo/pkg/apis/kudo/v1alpha1/zz_generated.deepcopy.go:928.2,928.23 1 0
github.com/kudobuilder/kudo/pkg/apis/kudo/v1alpha1/zz_generated.deepcopy.go:943.2,943.8 1 0
github.com/kudobuilder/kudo/pkg/apis/kudo/v1alpha1/zz_generated.deepcopy.go:908.21,911.29 3 0
github.com/kudobuilder/kudo/pkg/apis/kudo/v1alpha1/zz_generated.deepcopy.go:911.29,913.18 2 0
github.com/kudobuilder/kudo/pkg/apis/kudo/v1alpha1/zz_generated.deepcopy.go:920.4,920.24 1 0
github.com/kudobuilder/kudo/pkg/apis/kudo/v1alpha1/zz_generated.deepcopy.go:913.18,915.5 1 0
github.com/kudobuilder/kudo/pkg/apis/kudo/v1alpha1/zz_generated.deepcopy.go:915.10,919.5 3 0
github.com/kudobuilder/kudo/pkg/apis/kudo/v1alpha1/zz_generated.deepcopy.go:923.22,927.3 3 0
github.com/kudobuilder/kudo/pkg/apis/kudo/v1alpha1/zz_generated.deepcopy.go:928.23,931.29 3 0
github.com/kudobuilder/kudo/pkg/apis/kudo/v1alpha1/zz_generated.deepcopy.go:931.29,933.18 2 0
github.com/kudobuilder/kudo/pkg/apis/kudo/v1alpha1/zz_generated.deepcopy.go:940.4,940.24 1 0
github.com/kudobuilder/kudo/pkg/apis/kudo/v1alpha1/zz_generated.deepcopy.go:933.18,935.5 1 0
github.com/kudobuilder/kudo/pkg/apis/kudo/v1alpha1/zz_generated.deepcopy.go:935.10,939.5 3 0
github.com/kudobuilder/kudo/pkg/apis/kudo/v1alpha1/zz_generated.deepcopy.go:947.48,948.15 1 0
github.com/kudobuilder/kudo/pkg/apis/kudo/v1alpha1/zz_generated.deepcopy.go:951.2,953.12 3 0
github.com/kudobuilder/kudo/pkg/apis/kudo/v1alpha1/zz_generated.deepcopy.go:948.15,950.3 1 0
github.com/kudobuilder/kudo/pkg/apis/kudo/v1alpha1/zz_generated.deepcopy.go:957.51,959.25 2 0
github.com/kudobuilder/kudo/pkg/apis/kudo/v1alpha1/zz_generated.deepcopy.go:964.2,964.25 1 0
github.com/kudobuilder/kudo/pkg/apis/kudo/v1alpha1/zz_generated.deepcopy.go:969.2,969.20 1 0
github.com/kudobuilder/kudo/pkg/apis/kudo/v1alpha1/zz_generated.deepcopy.go:974.2,974.8 1 0
github.com/kudobuilder/kudo/pkg/apis/kudo/v1alpha1/zz_generated.deepcopy.go:959.25,963.3 3 0
github.com/kudobuilder/kudo/pkg/apis/kudo/v1alpha1/zz_generated.deepcopy.go:964.25,968.3 3 0
github.com/kudobuilder/kudo/pkg/apis/kudo/v1alpha1/zz_generated.deepcopy.go:969.20,973.3 3 0
github.com/kudobuilder/kudo/pkg/apis/kudo/v1alpha1/zz_generated.deepcopy.go:978.44,979.15 1 0
github.com/kudobuilder/kudo/pkg/apis/kudo/v1alpha1/zz_generated.deepcopy.go:982.2,984.12 3 0
github.com/kudobuilder/kudo/pkg/apis/kudo/v1alpha1/zz_generated.deepcopy.go:979.15,981.3 1 0
github.com/kudobuilder/kudo/pkg/apis/kudo/v1alpha1/zz_generated.deepcopy.go:988.45,990.26 2 0
github.com/kudobuilder/kudo/pkg/apis/kudo/v1alpha1/zz_generated.deepcopy.go:995.2,995.22 1 0
github.com/kudobuilder/kudo/pkg/apis/kudo/v1alpha1/zz_generated.deepcopy.go:1000.2,1000.24 1 0
github.com/kudobuilder/kudo/pkg/apis/kudo/v1alpha1/zz_generated.deepcopy.go:1005.2,1005.8 1 0
github.com/kudobuilder/kudo/pkg/apis/kudo/v1alpha1/zz_generated.deepcopy.go:990.26,994.3 3 0
github.com/kudobuilder/kudo/pkg/apis/kudo/v1alpha1/zz_generated.deepcopy.go:995.22,999.3 3 0
github.com/kudobuilder/kudo/pkg/apis/kudo/v1alpha1/zz_generated.deepcopy.go:1000.24,1004.3 3 0
github.com/kudobuilder/kudo/pkg/apis/kudo/v1alpha1/zz_generated.deepcopy.go:1009.38,1010.15 1 0
github.com/kudobuilder/kudo/pkg/apis/kudo/v1alpha1/zz_generated.deepcopy.go:1013.2,1015.12 3 0
github.com/kudobuilder/kudo/pkg/apis/kudo/v1alpha1/zz_generated.deepcopy.go:1010.15,1012.3 1 0
github.com/kudobuilder/kudo/pkg/apis/kudo/v1alpha1/zz_generated.deepcopy.go:1019.55,1021.20 2 0
github.com/kudobuilder/kudo/pkg/apis/kudo/v1alpha1/zz_generated.deepcopy.go:1026.2,1026.22 1 0
github.com/kudobuilder/kudo/pkg/apis/kudo/v1alpha1/zz_generated.deepcopy.go:1031.2,1031.25 1 0
github.com/kudobuilder/kudo/pkg/apis/kudo/v1alpha1/zz_generated.deepcopy.go:1036.2,1036.20 1 0
github.com/kudobuilder/kudo/pkg/apis/kudo/v1alpha1/zz_generated.deepcopy.go:1051.2,1051.21 1 0
github.com/kudobuilder/kudo/pkg/apis/kudo/v1alpha1/zz_generated.deepcopy.go:1066.2,1066.8 1 0
github.com/kudobuilder/kudo/pkg/apis/kudo/v1alpha1/zz_generated.deepcopy.go:1021.20,1025.3 3 0
github.com/kudobuilder/kudo/pkg/apis/kudo/v1alpha1/zz_generated.deepcopy.go:1026.22,1030.3 3 0
github.com/kudobuilder/kudo/pkg/apis/kudo/v1alpha1/zz_generated.deepcopy.go:1031.25,1035.3 3 0
github.com/kudobuilder/kudo/pkg/apis/kudo/v1alpha1/zz_generated.deepcopy.go:1036.20,1039.29 3 0
github.com/kudobuilder/kudo/pkg/apis/kudo/v1alpha1/zz_generated.deepcopy.go:1039.29,1041.18 2 0
github.com/kudobuilder/kudo/pkg/apis/kudo/v1alpha1/zz_generated.deepcopy.go:1048.4,1048.24 1 0
github.com/kudobuilder/kudo/pkg/apis/kudo/v1alpha1/zz_generated.deepcopy.go:1041.18,1043.5 1 0
github.com/kudobuilder/kudo/pkg/apis/kudo/v1alpha1/zz_generated.deepcopy.go:1043.10,1047.5 3 0
github.com/kudobuilder/kudo/pkg/apis/kudo/v1alpha1/zz_generated.deepcopy.go:1051.21,1054.29 3 0
github.com/kudobuilder/kudo/pkg/apis/kudo/v1alpha1/zz_generated.deepcopy.go:1054.29,1056.18 2 0
github.com/kudobuilder/kudo/pkg/apis/kudo/v1alpha1/zz_generated.deepcopy.go:1063.4,1063.24 1 0
github.com/kudobuilder/kudo/pkg/apis/kudo/v1alpha1/zz_generated.deepcopy.go:1056.18,1058.5 1 0
github.com/kudobuilder/kudo/pkg/apis/kudo/v1alpha1/zz_generated.deepcopy.go:1058.10,1062.5 3 0
github.com/kudobuilder/kudo/pkg/apis/kudo/v1alpha1/zz_generated.deepcopy.go:1070.48,1071.15 1 0
github.com/kudobuilder/kudo/pkg/apis/kudo/v1alpha1/zz_generated.deepcopy.go:1074.2,1076.12 3 0
github.com/kudobuilder/kudo/pkg/apis/kudo/v1alpha1/zz_generated.deepcopy.go:1071.15,1073.3 1 0
github.com/kudobuilder/kudo/pkg/apis/kudo/v1alpha1/zz_generated.deepcopy.go:1080.41,1082.21 2 0
github.com/kudobuilder/kudo/pkg/apis/kudo/v1alpha1/zz_generated.deepcopy.go:1087.2,1087.23 1 0
github.com/kudobuilder/kudo/pkg/apis/kudo/v1alpha1/zz_generated.deepcopy.go:1096.2,1096.8 1 0
github.com/kudobuilder/kudo/pkg/apis/kudo/v1alpha1/zz_generated.deepcopy.go:1082.21,1086.3 3 0
github.com/kudobuilder/kudo/pkg/apis/kudo/v1alpha1/zz_generated.deepcopy.go:1087.23,1090.22 3 0
github.com/kudobuilder/kudo/pkg/apis/kudo/v1alpha1/zz_generated.deepcopy.go:1090.22,1091.23 1 0
github.com/kudobuilder/kudo/pkg/apis/kudo/v1alpha1/zz_generated.deepcopy.go:1091.23,1093.5 1 0
github.com/kudobuilder/kudo/pkg/apis/kudo/v1alpha1/zz_generated.deepcopy.go:1100.34,1101.15 1 0
github.com/kudobuilder/kudo/pkg/apis/kudo/v1alpha1/zz_generated.deepcopy.go:1104.2,1106.12 3 0
github.com/kudobuilder/kudo/pkg/apis/kudo/v1alpha1/zz_generated.deepcopy.go:1101.15,1103.3 1 0
github.com/kudobuilder/kudo/pkg/apis/kudo/v1alpha1/zz_generated.deepcopy.go:1110.53,1112.23 2 0
github.com/kudobuilder/kudo/pkg/apis/kudo/v1alpha1/zz_generated.deepcopy.go:1121.2,1121.8 1 0
github.com/kudobuilder/kudo/pkg/apis/kudo/v1alpha1/zz_generated.deepcopy.go:1112.23,1115.22 3 0
github.com/kudobuilder/kudo/pkg/apis/kudo/v1alpha1/zz_generated.deepcopy.go:1115.22,1116.23 1 0
github.com/kudobuilder/kudo/pkg/apis/kudo/v1alpha1/zz_generated.deepcopy.go:1116.23,1118.5 1 0
github.com/kudobuilder/kudo/pkg/apis/kudo/v1alpha1/zz_generated.deepcopy.go:1125.46,1126.15 1 0
github.com/kudobuilder/kudo/pkg/apis/kudo/v1alpha1/zz_generated.deepcopy.go:1129.2,1131.12 3 0
github.com/kudobuilder/kudo/pkg/apis/kudo/v1alpha1/zz_generated.deepcopy.go:1126.15,1128.3 1 0
github.com/kudobuilder/kudo/pkg/apis/kudo/v1alpha1/zz_generated.deepcopy.go:1135.41,1137.20 2 0
github.com/kudobuilder/kudo/pkg/apis/kudo/v1alpha1/zz_generated.deepcopy.go:1142.2,1142.19 1 0
github.com/kudobuilder/kudo/pkg/apis/kudo/v1alpha1/zz_generated.deepcopy.go:1147.2,1147.19 1 0
github.com/kudobuilder/kudo/pkg/apis/kudo/v1alpha1/zz_generated.deepcopy.go:1162.2,1162.23 1 0
github.com/kudobuilder/kudo/pkg/apis/kudo/v1alpha1/zz_generated.deepcopy.go:1177.2,1177.21 1 0
github.com/kudobuilder/kudo/pkg/apis/kudo/v1alpha1/zz_generated.deepcopy.go:1192.2,1192.27 1 0
github.com/kudobuilder/kudo/pkg/apis/kudo/v1alpha1/zz_generated.deepcopy.go:1197.2,1197.30 1 0
github.com/kudobuilder/kudo/pkg/apis/kudo/v1alpha1/zz_generated.deepcopy.go:1202.2,1202.22 1 0
github.com/kudobuilder/kudo/pkg/apis/kudo/v1alpha1/zz_generated.deepcopy.go:1207.2,1207.23 1 0
github.com/kudobuilder/kudo/pkg/apis/kudo/v1alpha1/zz_generated.deepcopy.go:1222.2,1222.27 1 0
github.com/kudobuilder/kudo/pkg/apis/kudo/v1alpha1/zz_generated.deepcopy.go:1227.2,1227.25 1 0
github.com/kudobuilder/kudo/pkg/apis/kudo/v1alpha1/zz_generated.deepcopy.go:1232.2,1232.35 1 0
github.com/kudobuilder/kudo/pkg/apis/kudo/v1alpha1/zz_generated.deepcopy.go:1243.2,1243.8 1 0
github.com/kudobuilder/kudo/pkg/apis/kudo/v1alpha1/zz_generated.deepcopy.go:1137.20,1141.3 3 0
github.com/kudobuilder/kudo/pkg/apis/kudo/v1alpha1/zz_generated.deepcopy.go:1142.19,1146.3 3 0
github.com/kudobuilder/kudo/pkg/apis/kudo/v1alpha1/zz_generated.deepcopy.go:1147.19,1150.29 3 0
github.com/kudobuilder/kudo/pkg/apis/kudo/v1alpha1/zz_generated.deepcopy.go:1150.29,1152.18 2 0
github.com/kudobuilder/kudo/pkg/apis/kudo/v1alpha1/zz_generated.deepcopy.go:1159.4,1159.24 1 0
github.com/kudobuilder/kudo/pkg/apis/kudo/v1alpha1/zz_generated.deepcopy.go:1152.18,1154.5 1 0
github.com/kudobuilder/kudo/pkg/apis/kudo/v1alpha1/zz_generated.deepcopy.go:1154.10,1158.5 3 0
github.com/kudobuilder/kudo/pkg/apis/kudo/v1alpha1/zz_generated.deepcopy.go:1162.23,1165.29 3 0
github.com/kudobuilder/kudo/pkg/apis/kudo/v1alpha1/zz_generated.deepcopy.go:1165.29,1167.18 2 0
github.com/kudobuilder/kudo/pkg/apis/kudo/v1alpha1/zz_generated.deepcopy.go:1174.4,1174.24 1 0
github.com/kudobuilder/kudo/pkg/apis/kudo/v1alpha1/zz_generated.deepcopy.go:1167.18,1169.5 1 0
github.com/kudobuilder/kudo/pkg/apis/kudo/v1alpha1/zz_generated.deepcopy.go:1169.10,1173.5 3 0
github.com/kudobuilder/kudo/pkg/apis/kudo/v1alpha1/zz_generated.deepcopy.go:1177.21,1180.29 3 0
github.com/kudobuilder/kudo/pkg/apis/kudo/v1alpha1/zz_generated.deepcopy.go:1180.29,1182.18 2 0
github.com/kudobuilder/kudo/pkg/apis/kudo/v1alpha1/zz_generated.deepcopy.go:1189.4,1189.24 1 0
github.com/kudobuilder/kudo/pkg/apis/kudo/v1alpha1/zz_generated.deepcopy.go:1182.18,1184.5 1 0
github.com/kudobuilder/kudo/pkg/apis/kudo/v1alpha1/zz_generated.deepcopy.go:1184.10,1188.5 3 0
github.com/kudobuilder/kudo/pkg/apis/kudo/v1alpha1/zz_generated.deepcopy.go:1192.27,1196.3 3 0
github.com/kudobuilder/kudo/pkg/apis/kudo/v1alpha1/zz_generated.deepcopy.go:1197.30,1201.3 3 0
github.com/kudobuilder/kudo/pkg/apis/kudo/v1alpha1/zz_generated.deepcopy.go:1202.22,1206.3 3 0
github.com/kudobuilder/kudo/pkg/apis/kudo/v1alpha1/zz_generated.deepcopy.go:1207.23,1210.29 3 0
github.com/kudobuilder/kudo/pkg/apis/kudo/v1alpha1/zz_generated.deepcopy.go:1210.29,1212.18 2 0
github.com/kudobuilder/kudo/pkg/apis/kudo/v1alpha1/zz_generated.deepcopy.go:1219.4,1219.24 1 0
github.com/kudobuilder/kudo/pkg/apis/kudo/v1alpha1/zz_generated.deepcopy.go:1212.18,1214.5 1 0
github.com/kudobuilder/kudo/pkg/apis/kudo/v1alpha1/zz_generated.deepcopy.go:1214.10,1218.5 3 0
github.com/kudobuilder/kudo/pkg/apis/kudo/v1alpha1/zz_generated.deepcopy.go:1222.27,1226.3 3 0
github.com/kudobuilder/kudo/pkg/apis/kudo/v1alpha1/zz_generated.deepcopy.go:1227.25,1231.3 3 0
github.com/kudobuilder/kudo/pkg/apis/kudo/v1alpha1/zz_generated.deepcopy.go:1232.35,1235.22 3 0
github.com/kudobuilder/kudo/pkg/apis/kudo/v1alpha1/zz_generated.deepcopy.go:1235.22,1236.23 1 0
github.com/kudobuilder/kudo/pkg/apis/kudo/v1alpha1/zz_generated.deepcopy.go:1236.23,1240.5 3 0
github.com/kudobuilder/kudo/pkg/apis/kudo/v1alpha1/zz_generated.deepcopy.go:1247.34,1248.15 1 0
github.com/kudobuilder/kudo/pkg/apis/kudo/v1alpha1/zz_generated.deepcopy.go:1251.2,1253.12 3 0
github.com/kudobuilder/kudo/pkg/apis/kudo/v1alpha1/zz_generated.deepcopy.go:1248.15,1250.3 1 0
github.com/kudobuilder/kudo/pkg/apis/kudo/v1alpha1/zz_generated.deepcopy.go:1257.49,1259.25 2 0
github.com/kudobuilder/kudo/pkg/apis/kudo/v1alpha1/zz_generated.deepcopy.go:1264.2,1264.8 1 0
github.com/kudobuilder/kudo/pkg/apis/kudo/v1alpha1/zz_generated.deepcopy.go:1259.25,1263.3 3 0
github.com/kudobuilder/kudo/pkg/apis/kudo/v1alpha1/zz_generated.deepcopy.go:1268.42,1269.15 1 0
github.com/kudobuilder/kudo/pkg/apis/kudo/v1alpha1/zz_generated.deepcopy.go:1272.2,1274.12 3 0
github.com/kudobuilder/kudo/pkg/apis/kudo/v1alpha1/zz_generated.deepcopy.go:1269.15,1271.3 1 0
github.com/kudobuilder/kudo/pkg/apis/kudo/v1alpha1/zz_generated.deepcopy.go:1278.71,1280.20 2 0
github.com/kudobuilder/kudo/pkg/apis/kudo/v1alpha1/zz_generated.deepcopy.go:1285.2,1285.20 1 0
github.com/kudobuilder/kudo/pkg/apis/kudo/v1alpha1/zz_generated.deepcopy.go:1290.2,1290.8 1 0
github.com/kudobuilder/kudo/pkg/apis/kudo/v1alpha1/zz_generated.deepcopy.go:1280.20,1284.3 3 0
github.com/kudobuilder/kudo/pkg/apis/kudo/v1alpha1/zz_generated.deepcopy.go:1285.20,1289.3 3 0
github.com/kudobuilder/kudo/pkg/apis/kudo/v1alpha1/zz_generated.deepcopy.go:1294.64,1295.15 1 0
github.com/kudobuilder/kudo/pkg/apis/kudo/v1alpha1/zz_generated.deepcopy.go:1298.2,1300.12 3 0
github.com/kudobuilder/kudo/pkg/apis/kudo/v1alpha1/zz_generated.deepcopy.go:1295.15,1297.3 1 0
github.com/kudobuilder/kudo/pkg/apis/kudo/v1alpha1/zz_generated.deepcopy.go:1304.39,1306.22 2 0
github.com/kudobuilder/kudo/pkg/apis/kudo/v1alpha1/zz_generated.deepcopy.go:1311.2,1311.8 1 0
github.com/kudobuilder/kudo/pkg/apis/kudo/v1alpha1/zz_generated.deepcopy.go:1306.22,1310.3 3 0
github.com/kudobuilder/kudo/pkg/apis/kudo/v1alpha1/zz_generated.deepcopy.go:1315.32,1316.15 1 0
github.com/kudobuilder/kudo/pkg/apis/kudo/v1alpha1/zz_generated.deepcopy.go:1319.2,1321.12 3 0
github.com/kudobuilder/kudo/pkg/apis/kudo/v1alpha1/zz_generated.deepcopy.go:1316.15,1318.3 1 0
github.com/kudobuilder/kudo/pkg/apis/kudo/v1alpha1/zz_generated.deepcopy.go:1325.45,1327.20 2 0
github.com/kudobuilder/kudo/pkg/apis/kudo/v1alpha1/zz_generated.deepcopy.go:1332.2,1332.20 1 0
github.com/kudobuilder/kudo/pkg/apis/kudo/v1alpha1/zz_generated.deepcopy.go:1337.2,1337.8 1 0
github.com/kudobuilder/kudo/pkg/apis/kudo/v1alpha1/zz_generated.deepcopy.go:1327.20,1331.3 3 0
github.com/kudobuilder/kudo/pkg/apis/kudo/v1alpha1/zz_generated.deepcopy.go:1332.20,1336.3 3 0
github.com/kudobuilder/kudo/pkg/apis/kudo/v1alpha1/zz_generated.deepcopy.go:1341.38,1342.15 1 0
github.com/kudobuilder/kudo/pkg/apis/kudo/v1alpha1/zz_generated.deepcopy.go:1345.2,1347.12 3 0
github.com/kudobuilder/kudo/pkg/apis/kudo/v1alpha1/zz_generated.deepcopy.go:1342.15,1344.3 1 0
github.com/kudobuilder/kudo/pkg/apis/frameworks/v1beta1/component_types.go:59.13,61.2 1 1
github.com/kudobuilder/kudo/pkg/apis/frameworks/v1beta1/componentversion_types.go:59.13,61.2 1 1
github.com/kudobuilder/kudo/pkg/apis/frameworks/v1beta1/register.go:43.53,45.2 1 0
github.com/kudobuilder/kudo/pkg/apis/frameworks/v1beta1/zz_generated.deepcopy.go:26.51,33.2 6 1
github.com/kudobuilder/kudo/pkg/apis/frameworks/v1beta1/zz_generated.deepcopy.go:36.44,37.15 1 1
github.com/kudobuilder/kudo/pkg/apis/frameworks/v1beta1/zz_generated.deepcopy.go:40.2,42.12 3 1
github.com/kudobuilder/kudo/pkg/apis/frameworks/v1beta1/zz_generated.deepcopy.go:37.15,39.3 1 0
github.com/kudobuilder/kudo/pkg/apis/frameworks/v1beta1/zz_generated.deepcopy.go:46.54,47.34 1 0
github.com/kudobuilder/kudo/pkg/apis/frameworks/v1beta1/zz_generated.deepcopy.go:50.2,50.12 1 0
github.com/kudobuilder/kudo/pkg/apis/frameworks/v1beta1/zz_generated.deepcopy.go:47.34,49.3 1 0
github.com/kudobuilder/kudo/pkg/apis/frameworks/v1beta1/zz_generated.deepcopy.go:54.59,58.21 4 0
github.com/kudobuilder/kudo/pkg/apis/frameworks/v1beta1/zz_generated.deepcopy.go:65.2,65.8 1 0
github.com/kudobuilder/kudo/pkg/apis/frameworks/v1beta1/zz_generated.deepcopy.go:58.21,61.22 3 0
github.com/kudobuilder/kudo/pkg/apis/frameworks/v1beta1/zz_generated.deepcopy.go:61.22,63.4 1 0
github.com/kudobuilder/kudo/pkg/apis/frameworks/v1beta1/zz_generated.deepcopy.go:69.52,70.15 1 0
github.com/kudobuilder/kudo/pkg/apis/frameworks/v1beta1/zz_generated.deepcopy.go:73.2,75.12 3 0
github.com/kudobuilder/kudo/pkg/apis/frameworks/v1beta1/zz_generated.deepcopy.go:70.15,72.3 1 0
github.com/kudobuilder/kudo/pkg/apis/frameworks/v1beta1/zz_generated.deepcopy.go:79.58,80.34 1 0
github.com/kudobuilder/kudo/pkg/apis/frameworks/v1beta1/zz_generated.deepcopy.go:83.2,83.12 1 0
github.com/kudobuilder/kudo/pkg/apis/frameworks/v1beta1/zz_generated.deepcopy.go:80.34,82.3 1 0
github.com/kudobuilder/kudo/pkg/apis/frameworks/v1beta1/zz_generated.deepcopy.go:87.59,91.2 3 1
github.com/kudobuilder/kudo/pkg/apis/frameworks/v1beta1/zz_generated.deepcopy.go:94.52,95.15 1 0
github.com/kudobuilder/kudo/pkg/apis/frameworks/v1beta1/zz_generated.deepcopy.go:98.2,100.12 3 0
github.com/kudobuilder/kudo/pkg/apis/frameworks/v1beta1/zz_generated.deepcopy.go:95.15,97.3 1 0
github.com/kudobuilder/kudo/pkg/apis/frameworks/v1beta1/zz_generated.deepcopy.go:104.63,107.2 2 0
github.com/kudobuilder/kudo/pkg/apis/frameworks/v1beta1/zz_generated.deepcopy.go:110.56,111.15 1 0
github.com/kudobuilder/kudo/pkg/apis/frameworks/v1beta1/zz_generated.deepcopy.go:114.2,116.12 3 0
github.com/kudobuilder/kudo/pkg/apis/frameworks/v1beta1/zz_generated.deepcopy.go:111.15,113.3 1 0
github.com/kudobuilder/kudo/pkg/apis/frameworks/v1beta1/zz_generated.deepcopy.go:120.65,127.2 6 1
github.com/kudobuilder/kudo/pkg/apis/frameworks/v1beta1/zz_generated.deepcopy.go:130.58,131.15 1 1
github.com/kudobuilder/kudo/pkg/apis/frameworks/v1beta1/zz_generated.deepcopy.go:134.2,136.12 3 1
github.com/kudobuilder/kudo/pkg/apis/frameworks/v1beta1/zz_generated.deepcopy.go:131.15,133.3 1 0
github.com/kudobuilder/kudo/pkg/apis/frameworks/v1beta1/zz_generated.deepcopy.go:140.61,141.34 1 0
github.com/kudobuilder/kudo/pkg/apis/frameworks/v1beta1/zz_generated.deepcopy.go:144.2,144.12 1 0
github.com/kudobuilder/kudo/pkg/apis/frameworks/v1beta1/zz_generated.deepcopy.go:141.34,143.3 1 0
github.com/kudobuilder/kudo/pkg/apis/frameworks/v1beta1/zz_generated.deepcopy.go:148.73,152.21 4 0
github.com/kudobuilder/kudo/pkg/apis/frameworks/v1beta1/zz_generated.deepcopy.go:159.2,159.8 1 0
github.com/kudobuilder/kudo/pkg/apis/frameworks/v1beta1/zz_generated.deepcopy.go:152.21,155.22 3 0
github.com/kudobuilder/kudo/pkg/apis/frameworks/v1beta1/zz_generated.deepcopy.go:155.22,157.4 1 0
github.com/kudobuilder/kudo/pkg/apis/frameworks/v1beta1/zz_generated.deepcopy.go:163.66,164.15 1 0
github.com/kudobuilder/kudo/pkg/apis/frameworks/v1beta1/zz_generated.deepcopy.go:167.2,169.12 3 0
github.com/kudobuilder/kudo/pkg/apis/frameworks/v1beta1/zz_generated.deepcopy.go:164.15,166.3 1 0
github.com/kudobuilder/kudo/pkg/apis/frameworks/v1beta1/zz_generated.deepcopy.go:173.65,174.34 1 0
github.com/kudobuilder/kudo/pkg/apis/frameworks/v1beta1/zz_generated.deepcopy.go:177.2,177.12 1 0
github.com/kudobuilder/kudo/pkg/apis/frameworks/v1beta1/zz_generated.deepcopy.go:174.34,176.3 1 0
github.com/kudobuilder/kudo/pkg/apis/frameworks/v1beta1/zz_generated.deepcopy.go:181.73,184.2 2 0
github.com/kudobuilder/kudo/pkg/apis/frameworks/v1beta1/zz_generated.deepcopy.go:187.66,188.15 1 0
github.com/kudobuilder/kudo/pkg/apis/frameworks/v1beta1/zz_generated.deepcopy.go:191.2,193.12 3 0
github.com/kudobuilder/kudo/pkg/apis/frameworks/v1beta1/zz_generated.deepcopy.go:188.15,190.3 1 0
github.com/kudobuilder/kudo/pkg/apis/frameworks/v1beta1/zz_generated.deepcopy.go:197.77,200.2 2 0
github.com/kudobuilder/kudo/pkg/apis/frameworks/v1beta1/zz_generated.deepcopy.go:203.70,204.15 1 0
github.com/kudobuilder/kudo/pkg/apis/frameworks/v1beta1/zz_generated.deepcopy.go:207.2,209.12 3 0
github.com/kudobuilder/kudo/pkg/apis/frameworks/v1beta1/zz_generated.deepcopy.go:204.15,206.3 1 0
github.com/kudobuilder/kudo/pkg/controller/frameworkversion/frameworkversion_controller.go:41.37,44.2 2 0
github.com/kudobuilder/kudo/pkg/controller/frameworkversion/frameworkversion_controller.go:47.62,49.2 1 0
github.com/kudobuilder/kudo/pkg/controller/frameworkversion/frameworkversion_controller.go:52.61,55.16 2 0
github.com/kudobuilder/kudo/pkg/controller/frameworkversion/frameworkversion_controller.go:60.2,61.16 2 0
github.com/kudobuilder/kudo/pkg/controller/frameworkversion/frameworkversion_controller.go:65.2,65.12 1 0
github.com/kudobuilder/kudo/pkg/controller/frameworkversion/frameworkversion_controller.go:55.16,57.3 1 0
github.com/kudobuilder/kudo/pkg/controller/frameworkversion/frameworkversion_controller.go:61.16,63.3 1 0
github.com/kudobuilder/kudo/pkg/controller/frameworkversion/frameworkversion_controller.go:82.100,86.16 3 0
github.com/kudobuilder/kudo/pkg/controller/frameworkversion/frameworkversion_controller.go:96.2,101.32 2 0
github.com/kudobuilder/kudo/pkg/controller/frameworkversion/frameworkversion_controller.go:86.16,87.29 1 0
github.com/kudobuilder/kudo/pkg/controller/frameworkversion/frameworkversion_controller.go:93.3,93.33 1 0
github.com/kudobuilder/kudo/pkg/controller/frameworkversion/frameworkversion_controller.go:87.29,91.4 1 0
github.com/kudobuilder/kudo/pkg/controller/instance/instance_controller.go:56.37,59.2 2 0
github.com/kudobuilder/kudo/pkg/controller/instance/instance_controller.go:62.62,64.2 1 0
github.com/kudobuilder/kudo/pkg/controller/instance/instance_controller.go:67.61,70.16 2 0
github.com/kudobuilder/kudo/pkg/controller/instance/instance_controller.go:74.2,75.46 1 0
github.com/kudobuilder/kudo/pkg/controller/instance/instance_controller.go:249.2,250.16 2 0
github.com/kudobuilder/kudo/pkg/controller/instance/instance_controller.go:253.2,253.12 1 0
github.com/kudobuilder/kudo/pkg/controller/instance/instance_controller.go:70.16,72.3 1 0
github.com/kudobuilder/kudo/pkg/controller/instance/instance_controller.go:75.46,81.40 3 0
github.com/kudobuilder/kudo/pkg/controller/instance/instance_controller.go:90.4,97.18 3 0
github.com/kudobuilder/kudo/pkg/controller/instance/instance_controller.go:108.4,110.62 3 0
github.com/kudobuilder/kudo/pkg/controller/instance/instance_controller.go:162.4,165.10 2 0
github.com/kudobuilder/kudo/pkg/controller/instance/instance_controller.go:203.4,203.37 1 0
github.com/kudobuilder/kudo/pkg/controller/instance/instance_controller.go:81.40,83.19 2 0
github.com/kudobuilder/kudo/pkg/controller/instance/instance_controller.go:86.5,86.16 1 0
github.com/kudobuilder/kudo/pkg/controller/instance/instance_controller.go:83.19,85.6 1 0
github.com/kudobuilder/kudo/pkg/controller/instance/instance_controller.go:97.18,106.5 2 0
github.com/kudobuilder/kudo/pkg/controller/instance/instance_controller.go:110.62,113.12 2 0
github.com/kudobuilder/kudo/pkg/controller/instance/instance_controller.go:113.12,115.13 2 0
github.com/kudobuilder/kudo/pkg/controller/instance/instance_controller.go:115.13,117.14 2 0
github.com/kudobuilder/kudo/pkg/controller/instance/instance_controller.go:121.7,122.26 2 0
github.com/kudobuilder/kudo/pkg/controller/instance/instance_controller.go:117.14,120.8 2 0
github.com/kudobuilder/kudo/pkg/controller/instance/instance_controller.go:123.12,125.7 1 0
github.com/kudobuilder/kudo/pkg/controller/instance/instance_controller.go:126.11,128.6 1 0
github.com/kudobuilder/kudo/pkg/controller/instance/instance_controller.go:129.10,129.53 1 0
github.com/kudobuilder/kudo/pkg/controller/instance/instance_controller.go:129.53,130.43 1 0
github.com/kudobuilder/kudo/pkg/controller/instance/instance_controller.go:130.43,131.37 1 0
github.com/kudobuilder/kudo/pkg/controller/instance/instance_controller.go:131.37,133.48 1 0
github.com/kudobuilder/kudo/pkg/controller/instance/instance_controller.go:139.7,139.14 1 0
github.com/kudobuilder/kudo/pkg/controller/instance/instance_controller.go:133.48,134.27 1 0
github.com/kudobuilder/kudo/pkg/controller/instance/instance_controller.go:134.27,137.9 2 0
github.com/kudobuilder/kudo/pkg/controller/instance/instance_controller.go:139.14,141.8 1 0
github.com/kudobuilder/kudo/pkg/controller/instance/instance_controller.go:141.13,141.32 1 0
github.com/kudobuilder/kudo/pkg/controller/instance/instance_controller.go:141.32,143.15 2 0
github.com/kudobuilder/kudo/pkg/controller/instance/instance_controller.go:153.8,153.149 1 0
github.com/kudobuilder/kudo/pkg/controller/instance/instance_controller.go:143.15,145.16 2 0
github.com/kudobuilder/kudo/pkg/controller/instance/instance_controller.go:145.16,147.10 1 0
github.com/kudobuilder/kudo/pkg/controller/instance/instance_controller.go:147.15,149.10 1 0
github.com/kudobuilder/kudo/pkg/controller/instance/instance_controller.go:150.14,152.9 1 0
github.com/kudobuilder/kudo/pkg/controller/instance/instance_controller.go:158.10,161.5 2 0
github.com/kudobuilder/kudo/pkg/controller/instance/instance_controller.go:165.10,170.19 3 0
github.com/kudobuilder/kudo/pkg/controller/instance/instance_controller.go:192.5,193.19 2 0
github.com/kudobuilder/kudo/pkg/controller/instance/instance_controller.go:170.19,172.6 1 0
github.com/kudobuilder/kudo/pkg/controller/instance/instance_controller.go:172.11,173.65 1 0
github.com/kudobuilder/kudo/pkg/controller/instance/instance_controller.go:173.65,175.7 1 0
github.com/kudobuilder/kudo/pkg/controller/instance/instance_controller.go:175.12,179.120 4 0
github.com/kudobuilder/kudo/pkg/controller/instance/instance_controller.go:184.7,184.21 1 0
github.com/kudobuilder/kudo/pkg/controller/instance/instance_controller.go:179.120,183.8 3 0
github.com/kudobuilder/kudo/pkg/controller/instance/instance_controller.go:184.21,186.8 1 0
github.com/kudobuilder/kudo/pkg/controller/instance/instance_controller.go:186.13,188.8 1 0
github.com/kudobuilder/kudo/pkg/controller/instance/instance_controller.go:193.19,195.6 1 0
github.com/kudobuilder/kudo/pkg/controller/instance/instance_controller.go:206.46,218.18 5 0
github.com/kudobuilder/kudo/pkg/controller/instance/instance_controller.go:228.4,231.11 4 0
github.com/kudobuilder/kudo/pkg/controller/instance/instance_controller.go:236.4,237.18 2 0
github.com/kudobuilder/kudo/pkg/controller/instance/instance_controller.go:240.4,240.21 1 0
github.com/kudobuilder/kudo/pkg/controller/instance/instance_controller.go:218.18,227.5 2 0
github.com/kudobuilder/kudo/pkg/controller/instance/instance_controller.go:231.11,234.5 2 0
github.com/kudobuilder/kudo/pkg/controller/instance/instance_controller.go:237.18,239.5 1 0
github.com/kudobuilder/kudo/pkg/controller/instance/instance_controller.go:242.46,245.4 2 0
github.com/kudobuilder/kudo/pkg/controller/instance/instance_controller.go:250.16,252.3 1 0
github.com/kudobuilder/kudo/pkg/controller/instance/instance_controller.go:256.94,286.79 7 0
github.com/kudobuilder/kudo/pkg/controller/instance/instance_controller.go:291.2,292.12 2 0
github.com/kudobuilder/kudo/pkg/controller/instance/instance_controller.go:286.79,290.3 3 0
github.com/kudobuilder/kudo/pkg/controller/instance/instance_controller.go:309.92,313.16 3 0
github.com/kudobuilder/kudo/pkg/controller/instance/instance_controller.go:323.2,333.16 4 0
github.com/kudobuilder/kudo/pkg/controller/instance/instance_controller.go:343.2,343.43 1 0
github.com/kudobuilder/kudo/pkg/controller/instance/instance_controller.go:352.2,352.32 1 0
github.com/kudobuilder/kudo/pkg/controller/instance/instance_controller.go:313.16,314.29 1 0
github.com/kudobuilder/kudo/pkg/controller/instance/instance_controller.go:320.3,320.33 1 0
github.com/kudobuilder/kudo/pkg/controller/instance/instance_controller.go:314.29,318.4 1 0
github.com/kudobuilder/kudo/pkg/controller/instance/instance_controller.go:333.16,340.3 3 0
github.com/kudobuilder/kudo/pkg/controller/instance/instance_controller.go:343.43,344.21 1 0
github.com/kudobuilder/kudo/pkg/controller/instance/instance_controller.go:344.21,345.58 1 0
github.com/kudobuilder/kudo/pkg/controller/instance/instance_controller.go:345.58,347.5 1 0
github.com/kudobuilder/kudo/pkg/controller/componentversion/componentversion_controller.go:48.37,50.2 1 0
github.com/kudobuilder/kudo/pkg/controller/componentversion/componentversion_controller.go:53.62,55.2 1 1
github.com/kudobuilder/kudo/pkg/controller/componentversion/componentversion_controller.go:58.61,61.16 2 1
github.com/kudobuilder/kudo/pkg/controller/componentversion/componentversion_controller.go:66.2,67.16 2 1
github.com/kudobuilder/kudo/pkg/controller/componentversion/componentversion_controller.go:73.2,77.16 2 1
github.com/kudobuilder/kudo/pkg/controller/componentversion/componentversion_controller.go:81.2,81.12 1 1
github.com/kudobuilder/kudo/pkg/controller/componentversion/componentversion_controller.go:61.16,63.3 1 0
github.com/kudobuilder/kudo/pkg/controller/componentversion/componentversion_controller.go:67.16,69.3 1 0
github.com/kudobuilder/kudo/pkg/controller/componentversion/componentversion_controller.go:77.16,79.3 1 0
github.com/kudobuilder/kudo/pkg/controller/componentversion/componentversion_controller.go:101.100,105.16 3 1
github.com/kudobuilder/kudo/pkg/controller/componentversion/componentversion_controller.go:117.2,139.90 2 1
github.com/kudobuilder/kudo/pkg/controller/componentversion/componentversion_controller.go:145.2,147.42 3 1
github.com/kudobuilder/kudo/pkg/controller/componentversion/componentversion_controller.go:157.2,157.49 1 1
github.com/kudobuilder/kudo/pkg/controller/componentversion/componentversion_controller.go:165.2,165.32 1 1
github.com/kudobuilder/kudo/pkg/controller/componentversion/componentversion_controller.go:105.16,106.29 1 0
github.com/kudobuilder/kudo/pkg/controller/componentversion/componentversion_controller.go:112.3,112.33 1 0
github.com/kudobuilder/kudo/pkg/controller/componentversion/componentversion_controller.go:106.29,110.4 1 0
github.com/kudobuilder/kudo/pkg/controller/componentversion/componentversion_controller.go:139.90,141.3 1 0
github.com/kudobuilder/kudo/pkg/controller/componentversion/componentversion_controller.go:147.42,151.3 3 1
github.com/kudobuilder/kudo/pkg/controller/componentversion/componentversion_controller.go:151.8,151.23 1 1
github.com/kudobuilder/kudo/pkg/controller/componentversion/componentversion_controller.go:151.23,153.3 1 0
github.com/kudobuilder/kudo/pkg/controller/componentversion/componentversion_controller.go:157.49,161.17 4 1
github.com/kudobuilder/kudo/pkg/controller/componentversion/componentversion_controller.go:161.17,163.4 1 0
github.com/kudobuilder/kudo/pkg/controller/framework/framework_controller.go:36.37,39.16 3 0
github.com/kudobuilder/kudo/pkg/controller/framework/framework_controller.go:42.2,42.29 1 0
github.com/kudobuilder/kudo/pkg/controller/framework/framework_controller.go:39.16,41.3 1 0
github.com/kudobuilder/kudo/pkg/controller/framework/framework_controller.go:46.71,49.2 1 0
github.com/kudobuilder/kudo/pkg/controller/framework/framework_controller.go:52.61,55.16 2 0
github.com/kudobuilder/kudo/pkg/controller/framework/framework_controller.go:60.2,61.16 2 0
github.com/kudobuilder/kudo/pkg/controller/framework/framework_controller.go:65.2,65.12 1 0
github.com/kudobuilder/kudo/pkg/controller/framework/framework_controller.go:55.16,57.3 1 0
github.com/kudobuilder/kudo/pkg/controller/framework/framework_controller.go:61.16,63.3 1 0
github.com/kudobuilder/kudo/pkg/controller/framework/framework_controller.go:82.93,86.16 3 0
github.com/kudobuilder/kudo/pkg/controller/framework/framework_controller.go:96.2,98.32 2 0
github.com/kudobuilder/kudo/pkg/controller/framework/framework_controller.go:86.16,87.29 1 0
github.com/kudobuilder/kudo/pkg/controller/framework/framework_controller.go:93.3,93.33 1 0
github.com/kudobuilder/kudo/pkg/controller/framework/framework_controller.go:87.29,91.4 1 0
github.com/kudobuilder/kudo/pkg/controller/planexecution/planexecution_controller.go:66.37,70.2 2 0
github.com/kudobuilder/kudo/pkg/controller/planexecution/planexecution_controller.go:73.62,75.2 1 0
github.com/kudobuilder/kudo/pkg/controller/planexecution/planexecution_controller.go:78.61,81.16 2 0
github.com/kudobuilder/kudo/pkg/controller/planexecution/planexecution_controller.go:89.2,90.49 1 0
github.com/kudobuilder/kudo/pkg/controller/planexecution/planexecution_controller.go:122.2,123.46 1 0
github.com/kudobuilder/kudo/pkg/controller/planexecution/planexecution_controller.go:139.2,140.16 2 0
github.com/kudobuilder/kudo/pkg/controller/planexecution/planexecution_controller.go:146.2,153.16 2 0
github.com/kudobuilder/kudo/pkg/controller/planexecution/planexecution_controller.go:156.2,163.16 2 0
github.com/kudobuilder/kudo/pkg/controller/planexecution/planexecution_controller.go:166.2,173.16 2 0
github.com/kudobuilder/kudo/pkg/controller/planexecution/planexecution_controller.go:177.2,184.16 2 0
github.com/kudobuilder/kudo/pkg/controller/planexecution/planexecution_controller.go:188.2,188.12 1 0
github.com/kudobuilder/kudo/pkg/controller/planexecution/planexecution_controller.go:81.16,83.3 1 0
github.com/kudobuilder/kudo/pkg/controller/planexecution/planexecution_controller.go:90.49,93.33 3 0
github.com/kudobuilder/kudo/pkg/controller/planexecution/planexecution_controller.go:114.4,114.19 1 0
github.com/kudobuilder/kudo/pkg/controller/planexecution/planexecution_controller.go:93.33,102.19 3 0
github.com/kudobuilder/kudo/pkg/controller/planexecution/planexecution_controller.go:102.19,104.6 1 0
github.com/kudobuilder/kudo/pkg/controller/planexecution/planexecution_controller.go:104.11,112.6 2 0
github.com/kudobuilder/kudo/pkg/controller/planexecution/planexecution_controller.go:123.46,126.4 2 0
github.com/kudobuilder/kudo/pkg/controller/planexecution/planexecution_controller.go:127.46,130.4 2 0
github.com/kudobuilder/kudo/pkg/controller/planexecution/planexecution_controller.go:131.46,135.4 2 0
github.com/kudobuilder/kudo/pkg/controller/planexecution/planexecution_controller.go:140.16,142.3 1 0
github.com/kudobuilder/kudo/pkg/controller/planexecution/planexecution_controller.go:153.16,155.3 1 0
github.com/kudobuilder/kudo/pkg/controller/planexecution/planexecution_controller.go:163.16,165.3 1 0
github.com/kudobuilder/kudo/pkg/controller/planexecution/planexecution_controller.go:173.16,175.3 1 0
github.com/kudobuilder/kudo/pkg/controller/planexecution/planexecution_controller.go:184.16,186.3 1 0
github.com/kudobuilder/kudo/pkg/controller/planexecution/planexecution_controller.go:210.97,214.16 3 0
github.com/kudobuilder/kudo/pkg/controller/planexecution/planexecution_controller.go:225.2,232.16 3 0
github.com/kudobuilder/kudo/pkg/controller/planexecution/planexecution_controller.go:245.2,245.70 1 0
github.com/kudobuilder/kudo/pkg/controller/planexecution/planexecution_controller.go:253.2,253.67 1 0
github.com/kudobuilder/kudo/pkg/controller/planexecution/planexecution_controller.go:260.2,274.16 5 0
github.com/kudobuilder/kudo/pkg/controller/planexecution/planexecution_controller.go:280.2,286.16 2 0
github.com/kudobuilder/kudo/pkg/controller/planexecution/planexecution_controller.go:300.2,306.45 5 0
github.com/kudobuilder/kudo/pkg/controller/planexecution/planexecution_controller.go:310.2,310.57 1 0
github.com/kudobuilder/kudo/pkg/controller/planexecution/planexecution_controller.go:329.2,330.9 2 0
github.com/kudobuilder/kudo/pkg/controller/planexecution/planexecution_controller.go:337.2,341.44 4 0
github.com/kudobuilder/kudo/pkg/controller/planexecution/planexecution_controller.go:452.2,452.52 1 0
github.com/kudobuilder/kudo/pkg/controller/planexecution/planexecution_controller.go:598.2,598.48 1 0
github.com/kudobuilder/kudo/pkg/controller/planexecution/planexecution_controller.go:606.2,608.16 3 0
github.com/kudobuilder/kudo/pkg/controller/planexecution/planexecution_controller.go:612.2,612.32 1 0
github.com/kudobuilder/kudo/pkg/controller/planexecution/planexecution_controller.go:214.16,215.29 1 0
github.com/kudobuilder/kudo/pkg/controller/planexecution/planexecution_controller.go:222.3,222.33 1 0
github.com/kudobuilder/kudo/pkg/controller/planexecution/planexecution_controller.go:215.29,220.4 2 0
github.com/kudobuilder/kudo/pkg/controller/planexecution/planexecution_controller.go:232.16,242.3 4 0
github.com/kudobuilder/kudo/pkg/controller/planexecution/planexecution_controller.go:245.70,250.3 4 0
github.com/kudobuilder/kudo/pkg/controller/planexecution/planexecution_controller.go:253.67,256.3 2 0
github.com/kudobuilder/kudo/pkg/controller/planexecution/planexecution_controller.go:274.16,277.3 2 0
github.com/kudobuilder/kudo/pkg/controller/planexecution/planexecution_controller.go:286.16,296.3 4 0
github.com/kudobuilder/kudo/pkg/controller/planexecution/planexecution_controller.go:306.45,308.3 1 0
github.com/kudobuilder/kudo/pkg/controller/planexecution/planexecution_controller.go:310.57,312.10 2 0
github.com/kudobuilder/kudo/pkg/controller/planexecution/planexecution_controller.go:312.10,313.22 1 0
github.com/kudobuilder/kudo/pkg/controller/planexecution/planexecution_controller.go:319.4,319.39 1 0
github.com/kudobuilder/kudo/pkg/controller/planexecution/planexecution_controller.go:313.22,318.5 4 0
github.com/kudobuilder/kudo/pkg/controller/planexecution/planexecution_controller.go:330.9,335.3 4 0
github.com/kudobuilder/kudo/pkg/controller/planexecution/planexecution_controller.go:341.44,347.36 5 0
github.com/kudobuilder/kudo/pkg/controller/planexecution/planexecution_controller.go:347.36,359.33 6 0
github.com/kudobuilder/kudo/pkg/controller/planexecution/planexecution_controller.go:445.4,448.118 4 0
github.com/kudobuilder/kudo/pkg/controller/planexecution/planexecution_controller.go:359.33,361.59 1 0
github.com/kudobuilder/kudo/pkg/controller/planexecution/planexecution_controller.go:361.59,365.45 3 0
github.com/kudobuilder/kudo/pkg/controller/planexecution/planexecution_controller.go:382.6,403.20 3 0
github.com/kudobuilder/kudo/pkg/controller/planexecution/planexecution_controller.go:407.6,410.20 3 0
github.com/kudobuilder/kudo/pkg/controller/planexecution/planexecution_controller.go:413.6,417.20 4 0
github.com/kudobuilder/kudo/pkg/controller/planexecution/planexecution_controller.go:421.6,422.20 2 0
github.com/kudobuilder/kudo/pkg/controller/planexecution/planexecution_controller.go:426.6,427.20 2 0
github.com/kudobuilder/kudo/pkg/controller/planexecution/planexecution_controller.go:431.6,432.20 2 0
github.com/kudobuilder/kudo/pkg/controller/planexecution/planexecution_controller.go:437.6,437.39 1 0
github.com/kudobuilder/kudo/pkg/controller/planexecution/planexecution_controller.go:365.45,366.67 1 0
github.com/kudobuilder/kudo/pkg/controller/planexecution/planexecution_controller.go:366.67,368.22 2 0
github.com/kudobuilder/kudo/pkg/controller/planexecution/planexecution_controller.go:372.8,373.42 2 0
github.com/kudobuilder/kudo/pkg/controller/planexecution/planexecution_controller.go:368.22,371.9 2 0
github.com/kudobuilder/kudo/pkg/controller/planexecution/planexecution_controller.go:375.13,379.8 3 0
github.com/kudobuilder/kudo/pkg/controller/planexecution/planexecution_controller.go:403.20,405.7 1 0
github.com/kudobuilder/kudo/pkg/controller/planexecution/planexecution_controller.go:410.20,412.7 1 0
github.com/kudobuilder/kudo/pkg/controller/planexecution/planexecution_controller.go:417.20,419.7 1 0
github.com/kudobuilder/kudo/pkg/controller/planexecution/planexecution_controller.go:422.20,424.7 1 0
github.com/kudobuilder/kudo/pkg/controller/planexecution/planexecution_controller.go:427.20,429.7 1 0
github.com/kudobuilder/kudo/pkg/controller/planexecution/planexecution_controller.go:432.20,436.7 3 0
github.com/kudobuilder/kudo/pkg/controller/planexecution/planexecution_controller.go:438.11,442.6 3 0
github.com/kudobuilder/kudo/pkg/controller/planexecution/planexecution_controller.go:452.52,455.33 1 0
github.com/kudobuilder/kudo/pkg/controller/planexecution/planexecution_controller.go:581.3,581.60 1 0
github.com/kudobuilder/kudo/pkg/controller/planexecution/planexecution_controller.go:588.3,591.51 2 0
github.com/kudobuilder/kudo/pkg/controller/planexecution/planexecution_controller.go:595.3,595.76 1 0
github.com/kudobuilder/kudo/pkg/controller/planexecution/planexecution_controller.go:455.33,458.34 2 0
github.com/kudobuilder/kudo/pkg/controller/planexecution/planexecution_controller.go:567.4,568.45 2 0
github.com/kudobuilder/kudo/pkg/controller/planexecution/planexecution_controller.go:579.4,579.72 1 0
github.com/kudobuilder/kudo/pkg/controller/planexecution/planexecution_controller.go:458.34,459.17 1 0
github.com/kudobuilder/kudo/pkg/controller/planexecution/planexecution_controller.go:477.5,477.105 1 0
github.com/kudobuilder/kudo/pkg/controller/planexecution/planexecution_controller.go:482.5,483.19 2 0
github.com/kudobuilder/kudo/pkg/controller/planexecution/planexecution_controller.go:487.5,488.115 2 0
github.com/kudobuilder/kudo/pkg/controller/planexecution/planexecution_controller.go:532.5,534.19 2 0
github.com/kudobuilder/kudo/pkg/controller/planexecution/planexecution_controller.go:541.5,554.19 5 0
github.com/kudobuilder/kudo/pkg/controller/planexecution/planexecution_controller.go:560.5,561.19 2 0
github.com/kudobuilder/kudo/pkg/controller/planexecution/planexecution_controller.go:459.17,462.46 3 0
github.com/kudobuilder/kudo/pkg/controller/planexecution/planexecution_controller.go:466.6,466.20 1 0
github.com/kudobuilder/kudo/pkg/controller/planexecution/planexecution_controller.go:472.6,472.14 1 0
github.com/kudobuilder/kudo/pkg/controller/planexecution/planexecution_controller.go:462.46,465.7 1 0
github.com/kudobuilder/kudo/pkg/controller/planexecution/planexecution_controller.go:466.20,471.7 4 0
github.com/kudobuilder/kudo/pkg/controller/planexecution/planexecution_controller.go:477.105,479.6 1 0
github.com/kudobuilder/kudo/pkg/controller/planexecution/planexecution_controller.go:483.19,485.6 1 0
github.com/kudobuilder/kudo/pkg/controller/planexecution/planexecution_controller.go:488.115,490.32 1 0
github.com/kudobuilder/kudo/pkg/controller/planexecution/planexecution_controller.go:528.6,528.16 1 0
github.com/kudobuilder/kudo/pkg/controller/planexecution/planexecution_controller.go:491.31,496.14 4 0
github.com/kudobuilder/kudo/pkg/controller/planexecution/planexecution_controller.go:503.7,505.17 2 0
github.com/kudobuilder/kudo/pkg/controller/planexecution/planexecution_controller.go:507.30,510.14 3 0
github.com/kudobuilder/kudo/pkg/controller/planexecution/planexecution_controller.go:513.7,514.17 2 0
github.com/kudobuilder/kudo/pkg/controller/planexecution/planexecution_controller.go:516.24,516.24 0 0
github.com/kudobuilder/kudo/pkg/controller/planexecution/planexecution_controller.go:519.34,519.34 0 0
github.com/kudobuilder/kudo/pkg/controller/planexecution/planexecution_controller.go:523.14,525.17 2 0
github.com/kudobuilder/kudo/pkg/controller/planexecution/planexecution_controller.go:496.14,498.8 1 0
github.com/kudobuilder/kudo/pkg/controller/planexecution/planexecution_controller.go:510.14,512.8 1 0
github.com/kudobuilder/kudo/pkg/controller/planexecution/planexecution_controller.go:534.19,540.6 4 0
github.com/kudobuilder/kudo/pkg/controller/planexecution/planexecution_controller.go:554.19,559.6 4 0
github.com/kudobuilder/kudo/pkg/controller/planexecution/planexecution_controller.go:561.19,565.6 3 0
github.com/kudobuilder/kudo/pkg/controller/planexecution/planexecution_controller.go:568.45,571.89 2 0
github.com/kudobuilder/kudo/pkg/controller/planexecution/planexecution_controller.go:571.89,573.11 2 0
github.com/kudobuilder/kudo/pkg/controller/planexecution/planexecution_controller.go:574.11,576.6 1 0
github.com/kudobuilder/kudo/pkg/controller/planexecution/planexecution_controller.go:581.60,584.12 3 0
github.com/kudobuilder/kudo/pkg/controller/planexecution/planexecution_controller.go:591.51,593.9 2 0
github.com/kudobuilder/kudo/pkg/controller/planexecution/planexecution_controller.go:598.48,602.3 3 0
github.com/kudobuilder/kudo/pkg/controller/planexecution/planexecution_controller.go:602.8,604.3 1 0
github.com/kudobuilder/kudo/pkg/controller/planexecution/planexecution_controller.go:608.16,610.3 1 0
github.com/kudobuilder/kudo/pkg/controller/planexecution/planexecution_controller.go:617.68,618.20 1 0
github.com/kudobuilder/kudo/pkg/controller/planexecution/planexecution_controller.go:656.2,656.12 1 0
github.com/kudobuilder/kudo/pkg/controller/planexecution/planexecution_controller.go:619.20,627.29 6 0
github.com/kudobuilder/kudo/pkg/controller/planexecution/planexecution_controller.go:632.3,632.17 1 0
github.com/kudobuilder/kudo/pkg/controller/planexecution/planexecution_controller.go:637.3,637.32 1 0
github.com/kudobuilder/kudo/pkg/controller/planexecution/planexecution_controller.go:645.3,645.36 1 0
github.com/kudobuilder/kudo/pkg/controller/planexecution/planexecution_controller.go:653.3,653.13 1 0
github.com/kudobuilder/kudo/pkg/controller/planexecution/planexecution_controller.go:627.29,631.4 2 0
github.com/kudobuilder/kudo/pkg/controller/planexecution/planexecution_controller.go:632.17,635.4 1 0
github.com/kudobuilder/kudo/pkg/controller/planexecution/planexecution_controller.go:637.32,638.30 1 0
github.com/kudobuilder/kudo/pkg/controller/planexecution/planexecution_controller.go:638.30,643.5 3 0
github.com/kudobuilder/kudo/pkg/controller/planexecution/planexecution_controller.go:645.36,646.26 1 0
github.com/kudobuilder/kudo/pkg/controller/planexecution/planexecution_controller.go:646.26,651.5 3 0
